<log>
 <error level="warning" id="warn_doc_param_not_found" file="C:\dev\vcpkg\installed\x64-windows\include\boost/test/tree/observer.hpp" line="45" col="20" msg="parameter &apos;number_of_test_cases&apos; not found in the function declaration" />
 <error level="warning" id="warn_doc_param_not_found" file="C:\dev\vcpkg\installed\x64-windows\include\boost/test/tree/observer.hpp" line="65" col="20" msg="parameter &apos;test_unit&apos; not found in the function declaration" />
 <error level="warning" id="warn_doc_param_not_found" file="C:\dev\vcpkg\installed\x64-windows\include\boost/test/tree/observer.hpp" line="70" col="16" msg="parameter &apos;elapsed&apos; not found in the function declaration" />
 <error level="warning" id="warn_doc_param_not_found" file="C:\dev\kicad-personal\include\math/vector2d.h" line="158" col="15" msg="parameter &apos;aNewLength:&apos; not found in the function declaration" />
 <error level="error" id="err_pp_file_not_found" file="C:\dev\kicad-personal\include\core/optional.h" line="14" col="10" msg="&apos;optional&apos; file not found" />
 <error level="warning" id="warn_doc_param_not_found" file="C:\dev\kicad-personal\include\math/box2.h" line="457" col="15" msg="parameter &apos;aBox:&apos; not found in the function declaration" />
 <error level="warning" id="warn_doc_param_not_found" file="C:\dev\kicad-personal\include\math/box2.h" line="492" col="15" msg="parameter &apos;aBox:&apos; not found in the function declaration" />
 <error level="warning" id="warn_doc_param_not_found" file="C:\dev\kicad-personal\include\geometry/seg.h" line="145" col="16" msg="parameter &apos;aDetermineSide:&apos; not found in the function declaration" />
 <error level="warning" id="warn_doc_param_not_found" file="C:\dev\kicad-personal\include\geometry/seg.h" line="163" col="15" msg="parameter &apos;aSeg:&apos; not found in the function declaration" />
 <error level="warning" id="warn_doc_param_not_found" file="C:\dev\kicad-personal\include\geometry/seg.h" line="164" col="15" msg="parameter &apos;aIgnoreEndpoints:&apos; not found in the function declaration" />
 <error level="warning" id="warn_doc_param_not_found" file="C:\dev\kicad-personal\include\geometry/seg.h" line="166" col="15" msg="parameter &apos;aLines:&apos; not found in the function declaration" />
 <error level="warning" id="warn_doc_param_not_found" file="C:\dev\kicad-personal\include\geometry/shape_line_chain.h" line="148" col="15" msg="parameter &apos;aClosed:&apos; not found in the function declaration" />
 <error level="warning" id="warn_doc_param_not_found" file="C:\dev\kicad-personal\include\geometry/shape_line_chain.h" line="195" col="15" msg="parameter &apos;aIndex:&apos; not found in the function declaration" />
 <error level="warning" id="warn_doc_param_not_found" file="C:\dev\kicad-personal\include\geometry/shape_line_chain.h" line="214" col="15" msg="parameter &apos;aIndex:&apos; not found in the function declaration" />
 <error level="warning" id="warn_doc_param_not_found" file="C:\dev\kicad-personal\polygon/PolyLine.h" line="390" col="15" msg="parameter &apos;ic=&apos; not found in the function declaration" />
 <error level="warning" id="pp_disabled_macro_expansion" file="C:\dev\kicad-personal\qa\geometry\test_collision.cpp" line="35" col="1" msg="disabled expansion of recursive macro" />
 <error level="warning" id="pp_disabled_macro_expansion" file="C:\dev\kicad-personal\qa\geometry\test_collision.cpp" line="35" col="1" msg="disabled expansion of recursive macro" />
 <error level="warning" id="pp_disabled_macro_expansion" file="C:\dev\kicad-personal\qa\geometry\test_collision.cpp" line="35" col="1" msg="disabled expansion of recursive macro" />
 <error level="warning" id="pp_disabled_macro_expansion" file="C:\dev\kicad-personal\qa\geometry\test_collision.cpp" line="35" col="1" msg="disabled expansion of recursive macro" />
 <error level="warning" id="warn_global_constructor" file="C:\dev\kicad-personal\qa\geometry\test_collision.cpp" line="35" col="1" msg="declaration requires a global constructor" />
 <error level="warning" id="warn_cxx98_compat_empty_fnmacro_arg" file="C:\dev\kicad-personal\qa\geometry\test_collision.cpp" line="40" col="1" msg="empty macro arguments are incompatible with C++98" />
 <error level="warning" id="pp_disabled_macro_expansion" file="C:\dev\kicad-personal\qa\geometry\test_collision.cpp" line="40" col="1" msg="disabled expansion of recursive macro" />
 <error level="warning" id="pp_disabled_macro_expansion" file="C:\dev\kicad-personal\qa\geometry\test_collision.cpp" line="40" col="1" msg="disabled expansion of recursive macro" />
 <error level="warning" id="pp_disabled_macro_expansion" file="C:\dev\kicad-personal\qa\geometry\test_collision.cpp" line="40" col="1" msg="disabled expansion of recursive macro" />
 <error level="warning" id="pp_disabled_macro_expansion" file="C:\dev\kicad-personal\qa\geometry\test_collision.cpp" line="40" col="1" msg="disabled expansion of recursive macro" />
 <error level="warning" id="warn_global_constructor" file="C:\dev\kicad-personal\qa\geometry\test_collision.cpp" line="40" col="1" msg="declaration requires a global constructor" />
 <error level="warning" id="warn_cxx98_compat_empty_fnmacro_arg" file="C:\dev\kicad-personal\qa\geometry\test_collision.cpp" line="50" col="1" msg="empty macro arguments are incompatible with C++98" />
 <error level="warning" id="pp_disabled_macro_expansion" file="C:\dev\kicad-personal\qa\geometry\test_collision.cpp" line="50" col="1" msg="disabled expansion of recursive macro" />
 <error level="warning" id="pp_disabled_macro_expansion" file="C:\dev\kicad-personal\qa\geometry\test_collision.cpp" line="50" col="1" msg="disabled expansion of recursive macro" />
 <error level="warning" id="pp_disabled_macro_expansion" file="C:\dev\kicad-personal\qa\geometry\test_collision.cpp" line="50" col="1" msg="disabled expansion of recursive macro" />
 <error level="warning" id="pp_disabled_macro_expansion" file="C:\dev\kicad-personal\qa\geometry\test_collision.cpp" line="50" col="1" msg="disabled expansion of recursive macro" />
 <error level="warning" id="warn_global_constructor" file="C:\dev\kicad-personal\qa\geometry\test_collision.cpp" line="50" col="1" msg="declaration requires a global constructor" />
 <error level="warning" id="warn_cxx98_compat_empty_fnmacro_arg" file="C:\dev\kicad-personal\qa\geometry\test_collision.cpp" line="75" col="1" msg="empty macro arguments are incompatible with C++98" />
 <error level="warning" id="pp_disabled_macro_expansion" file="C:\dev\kicad-personal\qa\geometry\test_collision.cpp" line="75" col="1" msg="disabled expansion of recursive macro" />
 <error level="warning" id="pp_disabled_macro_expansion" file="C:\dev\kicad-personal\qa\geometry\test_collision.cpp" line="75" col="1" msg="disabled expansion of recursive macro" />
 <error level="warning" id="pp_disabled_macro_expansion" file="C:\dev\kicad-personal\qa\geometry\test_collision.cpp" line="75" col="1" msg="disabled expansion of recursive macro" />
 <error level="warning" id="pp_disabled_macro_expansion" file="C:\dev\kicad-personal\qa\geometry\test_collision.cpp" line="75" col="1" msg="disabled expansion of recursive macro" />
 <error level="warning" id="warn_global_constructor" file="C:\dev\kicad-personal\qa\geometry\test_collision.cpp" line="75" col="1" msg="declaration requires a global constructor" />
 <error level="warning" id="warn_cxx98_compat_for_range" file="C:\dev\kicad-personal\qa\geometry\test_collision.cpp" line="78" col="32" msg="range-based for loop is incompatible with C++98" />
 <error level="warning" id="warn_cxx98_compat_for_range" file="C:\dev\kicad-personal\qa\geometry\test_collision.cpp" line="84" col="32" msg="range-based for loop is incompatible with C++98" />
 <error level="warning" id="warn_cxx98_compat_empty_fnmacro_arg" file="C:\dev\kicad-personal\qa\geometry\test_collision.cpp" line="93" col="1" msg="empty macro arguments are incompatible with C++98" />
 <error level="warning" id="pp_disabled_macro_expansion" file="C:\dev\kicad-personal\qa\geometry\test_collision.cpp" line="93" col="1" msg="disabled expansion of recursive macro" />
 <error level="warning" id="pp_disabled_macro_expansion" file="C:\dev\kicad-personal\qa\geometry\test_collision.cpp" line="93" col="1" msg="disabled expansion of recursive macro" />
 <error level="warning" id="pp_disabled_macro_expansion" file="C:\dev\kicad-personal\qa\geometry\test_collision.cpp" line="93" col="1" msg="disabled expansion of recursive macro" />
 <error level="warning" id="pp_disabled_macro_expansion" file="C:\dev\kicad-personal\qa\geometry\test_collision.cpp" line="93" col="1" msg="disabled expansion of recursive macro" />
 <error level="warning" id="warn_global_constructor" file="C:\dev\kicad-personal\qa\geometry\test_collision.cpp" line="93" col="1" msg="declaration requires a global constructor" />
 <error level="warning" id="warn_cxx98_compat_for_range" file="C:\dev\kicad-personal\qa\geometry\test_collision.cpp" line="98" col="32" msg="range-based for loop is incompatible with C++98" />
 <error level="warning" id="warn_cxx98_compat_for_range" file="C:\dev\kicad-personal\qa\geometry\test_collision.cpp" line="104" col="32" msg="range-based for loop is incompatible with C++98" />
 <error level="warning" id="warn_cxx98_compat_empty_fnmacro_arg" file="C:\dev\kicad-personal\qa\geometry\test_collision.cpp" line="122" col="1" msg="empty macro arguments are incompatible with C++98" />
 <error level="warning" id="pp_disabled_macro_expansion" file="C:\dev\kicad-personal\qa\geometry\test_collision.cpp" line="122" col="1" msg="disabled expansion of recursive macro" />
 <error level="warning" id="pp_disabled_macro_expansion" file="C:\dev\kicad-personal\qa\geometry\test_collision.cpp" line="122" col="1" msg="disabled expansion of recursive macro" />
 <error level="warning" id="pp_disabled_macro_expansion" file="C:\dev\kicad-personal\qa\geometry\test_collision.cpp" line="122" col="1" msg="disabled expansion of recursive macro" />
 <error level="warning" id="pp_disabled_macro_expansion" file="C:\dev\kicad-personal\qa\geometry\test_collision.cpp" line="122" col="1" msg="disabled expansion of recursive macro" />
 <error level="warning" id="warn_global_constructor" file="C:\dev\kicad-personal\qa\geometry\test_collision.cpp" line="122" col="1" msg="declaration requires a global constructor" />
 <error level="warning" id="warn_cxx98_compat_for_range" file="C:\dev\kicad-personal\qa\geometry\test_collision.cpp" line="128" col="32" msg="range-based for loop is incompatible with C++98" />
 <error level="warning" id="warn_cxx98_compat_empty_fnmacro_arg" file="C:\dev\kicad-personal\qa\geometry\test_collision.cpp" line="138" col="1" msg="empty macro arguments are incompatible with C++98" />
 <error level="warning" id="pp_disabled_macro_expansion" file="C:\dev\kicad-personal\qa\geometry\test_collision.cpp" line="138" col="1" msg="disabled expansion of recursive macro" />
 <error level="warning" id="pp_disabled_macro_expansion" file="C:\dev\kicad-personal\qa\geometry\test_collision.cpp" line="138" col="1" msg="disabled expansion of recursive macro" />
 <error level="warning" id="pp_disabled_macro_expansion" file="C:\dev\kicad-personal\qa\geometry\test_collision.cpp" line="138" col="1" msg="disabled expansion of recursive macro" />
 <error level="warning" id="pp_disabled_macro_expansion" file="C:\dev\kicad-personal\qa\geometry\test_collision.cpp" line="138" col="1" msg="disabled expansion of recursive macro" />
 <error level="warning" id="warn_global_constructor" file="C:\dev\kicad-personal\qa\geometry\test_collision.cpp" line="138" col="1" msg="declaration requires a global constructor" />
 <error level="warning" id="warn_cxx98_compat_for_range" file="C:\dev\kicad-personal\qa\geometry\test_collision.cpp" line="144" col="32" msg="range-based for loop is incompatible with C++98" />
 <error level="warning" id="warn_global_constructor" file="C:\dev\kicad-personal\qa\geometry\test_collision.cpp" line="150" col="1" msg="declaration requires a global constructor" />
 <error level="note" id="note_template_member_function_here" file="C:\dev\kicad-personal\qa\geometry\test_collision.cpp" line="35" col="1" msg="in instantiation of member function &apos;boost::unit_test::singleton&lt;boost::unit_test::decorator::collector&gt;::instance&apos; requested here" />
 <error level="note" id="note_template_member_function_here" file="C:\dev\kicad-personal\qa\geometry\test_collision.cpp" line="35" col="1" msg="in instantiation of member function &apos;boost::unit_test::basic_cstring&lt;const char&gt;::basic_cstring&apos; requested here" />
 <error level="note" id="note_function_template_spec_here" file="C:\dev\kicad-personal\qa\geometry\test_collision.cpp" line="40" col="1" msg="in instantiation of function template specialization &apos;boost::function&lt;void ()&gt;::function&lt;void (*)()&gt;&apos; requested here" />
 <error level="note" id="note_function_template_spec_here" file="C:\dev\kicad-personal\qa\geometry\test_collision.cpp" line="40" col="1" msg="in instantiation of function template specialization &apos;boost::function&lt;void ()&gt;::function&lt;void (*)()&gt;&apos; requested here" />
 <error level="note" id="note_template_member_function_here" file="C:\dev\kicad-personal\qa\geometry\test_collision.cpp" line="42" col="5" msg="in instantiation of member function &apos;boost::unit_test::lazy_ostream_impl&lt;boost::unit_test::lazy_ostream, boost::unit_test::basic_cstring&lt;const char&gt;, const boost::unit_test::basic_cstring&lt;const char&gt; &amp;&gt;::operator()&apos; requested here" />
</log>