<log>
 <error level="warning" id="warn_doc_param_not_found" file="C:\dev\vcpkg\installed\x64-windows\include\boost/test/tree/observer.hpp" line="45" col="20" msg="parameter &apos;number_of_test_cases&apos; not found in the function declaration" />
 <error level="warning" id="warn_doc_param_not_found" file="C:\dev\vcpkg\installed\x64-windows\include\boost/test/tree/observer.hpp" line="65" col="20" msg="parameter &apos;test_unit&apos; not found in the function declaration" />
 <error level="warning" id="warn_doc_param_not_found" file="C:\dev\vcpkg\installed\x64-windows\include\boost/test/tree/observer.hpp" line="70" col="16" msg="parameter &apos;elapsed&apos; not found in the function declaration" />
 <error level="warning" id="warn_doc_param_not_found" file="C:\dev\kicad-personal\include\math/vector2d.h" line="158" col="15" msg="parameter &apos;aNewLength:&apos; not found in the function declaration" />
 <error level="error" id="err_pp_file_not_found" file="C:\dev\kicad-personal\include\core/optional.h" line="14" col="10" msg="&apos;optional&apos; file not found" />
 <error level="warning" id="warn_doc_param_not_found" file="C:\dev\kicad-personal\include\math/box2.h" line="457" col="15" msg="parameter &apos;aBox:&apos; not found in the function declaration" />
 <error level="warning" id="warn_doc_param_not_found" file="C:\dev\kicad-personal\include\math/box2.h" line="492" col="15" msg="parameter &apos;aBox:&apos; not found in the function declaration" />
 <error level="warning" id="warn_doc_param_not_found" file="C:\dev\kicad-personal\include\geometry/seg.h" line="145" col="16" msg="parameter &apos;aDetermineSide:&apos; not found in the function declaration" />
 <error level="warning" id="warn_doc_param_not_found" file="C:\dev\kicad-personal\include\geometry/seg.h" line="163" col="15" msg="parameter &apos;aSeg:&apos; not found in the function declaration" />
 <error level="warning" id="warn_doc_param_not_found" file="C:\dev\kicad-personal\include\geometry/seg.h" line="164" col="15" msg="parameter &apos;aIgnoreEndpoints:&apos; not found in the function declaration" />
 <error level="warning" id="warn_doc_param_not_found" file="C:\dev\kicad-personal\include\geometry/seg.h" line="166" col="15" msg="parameter &apos;aLines:&apos; not found in the function declaration" />
 <error level="warning" id="warn_doc_param_not_found" file="C:\dev\kicad-personal\include\geometry/shape_line_chain.h" line="148" col="15" msg="parameter &apos;aClosed:&apos; not found in the function declaration" />
 <error level="warning" id="warn_doc_param_not_found" file="C:\dev\kicad-personal\include\geometry/shape_line_chain.h" line="195" col="15" msg="parameter &apos;aIndex:&apos; not found in the function declaration" />
 <error level="warning" id="warn_doc_param_not_found" file="C:\dev\kicad-personal\include\geometry/shape_line_chain.h" line="214" col="15" msg="parameter &apos;aIndex:&apos; not found in the function declaration" />
 <error level="warning" id="warn_doc_param_not_found" file="C:\dev\kicad-personal\polygon/PolyLine.h" line="390" col="15" msg="parameter &apos;ic=&apos; not found in the function declaration" />
 <error level="warning" id="pp_disabled_macro_expansion" file="C:\dev\kicad-personal\qa\geometry\test_chamfer_fillet.cpp" line="37" col="1" msg="disabled expansion of recursive macro" />
 <error level="warning" id="pp_disabled_macro_expansion" file="C:\dev\kicad-personal\qa\geometry\test_chamfer_fillet.cpp" line="37" col="1" msg="disabled expansion of recursive macro" />
 <error level="warning" id="pp_disabled_macro_expansion" file="C:\dev\kicad-personal\qa\geometry\test_chamfer_fillet.cpp" line="37" col="1" msg="disabled expansion of recursive macro" />
 <error level="warning" id="pp_disabled_macro_expansion" file="C:\dev\kicad-personal\qa\geometry\test_chamfer_fillet.cpp" line="37" col="1" msg="disabled expansion of recursive macro" />
 <error level="warning" id="warn_global_constructor" file="C:\dev\kicad-personal\qa\geometry\test_chamfer_fillet.cpp" line="37" col="1" msg="declaration requires a global constructor" />
 <error level="warning" id="warn_missing_prototype" file="C:\dev\kicad-personal\qa\geometry\test_chamfer_fillet.cpp" line="48" col="6" msg="no previous prototype for function &apos;lexicographicOrder&apos;" />
 <error level="warning" id="warn_cxx98_compat_empty_fnmacro_arg" file="C:\dev\kicad-personal\qa\geometry\test_chamfer_fillet.cpp" line="90" col="5" msg="empty macro arguments are incompatible with C++98" />
 <error level="warning" id="warn_cxx98_compat_empty_fnmacro_arg" file="C:\dev\kicad-personal\qa\geometry\test_chamfer_fillet.cpp" line="90" col="5" msg="empty macro arguments are incompatible with C++98" />
 <error level="warning" id="warn_cxx98_compat_empty_fnmacro_arg" file="C:\dev\kicad-personal\qa\geometry\test_chamfer_fillet.cpp" line="90" col="5" msg="empty macro arguments are incompatible with C++98" />
 <error level="warning" id="warn_cxx98_compat_empty_fnmacro_arg" file="C:\dev\kicad-personal\qa\geometry\test_chamfer_fillet.cpp" line="90" col="5" msg="empty macro arguments are incompatible with C++98" />
 <error level="warning" id="warn_cxx98_compat_empty_fnmacro_arg" file="C:\dev\kicad-personal\qa\geometry\test_chamfer_fillet.cpp" line="90" col="5" msg="empty macro arguments are incompatible with C++98" />
 <error level="warning" id="warn_cxx98_compat_empty_fnmacro_arg" file="C:\dev\kicad-personal\qa\geometry\test_chamfer_fillet.cpp" line="99" col="1" msg="empty macro arguments are incompatible with C++98" />
 <error level="warning" id="pp_disabled_macro_expansion" file="C:\dev\kicad-personal\qa\geometry\test_chamfer_fillet.cpp" line="99" col="1" msg="disabled expansion of recursive macro" />
 <error level="warning" id="pp_disabled_macro_expansion" file="C:\dev\kicad-personal\qa\geometry\test_chamfer_fillet.cpp" line="99" col="1" msg="disabled expansion of recursive macro" />
 <error level="warning" id="pp_disabled_macro_expansion" file="C:\dev\kicad-personal\qa\geometry\test_chamfer_fillet.cpp" line="99" col="1" msg="disabled expansion of recursive macro" />
 <error level="warning" id="pp_disabled_macro_expansion" file="C:\dev\kicad-personal\qa\geometry\test_chamfer_fillet.cpp" line="99" col="1" msg="disabled expansion of recursive macro" />
 <error level="warning" id="warn_missing_prototype" file="C:\dev\kicad-personal\qa\geometry\test_chamfer_fillet.cpp" line="65" col="6" msg="no previous prototype for function &apos;TestLineChainEqualCPolyLine&apos;" />
 <error level="warning" id="warn_global_constructor" file="C:\dev\kicad-personal\qa\geometry\test_chamfer_fillet.cpp" line="99" col="1" msg="declaration requires a global constructor" />
 <error level="warning" id="warn_impcast_integer_sign" file="C:\dev\kicad-personal\qa\geometry\test_chamfer_fillet.cpp" line="107" col="54" msg="implicit conversion changes signedness: &apos;int&apos; to &apos;unsigned int&apos;" />
 <error level="note" id="note_member_synthesized_at" file="C:\dev\kicad-personal\qa\geometry\test_chamfer_fillet.cpp" line="110" col="18" msg="in implicit copy assignment operator for &apos;CPolyLine&apos; first required here" />
 <error level="warning" id="warn_impcast_integer_sign" file="C:\dev\kicad-personal\qa\geometry\test_chamfer_fillet.cpp" line="110" col="45" msg="implicit conversion changes signedness: &apos;int&apos; to &apos;unsigned int&apos;" />
 <error level="warning" id="warn_impcast_integer_sign" file="C:\dev\kicad-personal\qa\geometry\test_chamfer_fillet.cpp" line="118" col="71" msg="implicit conversion changes signedness: &apos;size_t&apos; (aka &apos;unsigned int&apos;) to &apos;int&apos;" />
 <error level="warning" id="warn_cxx98_compat_empty_fnmacro_arg" file="C:\dev\kicad-personal\qa\geometry\test_chamfer_fillet.cpp" line="129" col="1" msg="empty macro arguments are incompatible with C++98" />
 <error level="warning" id="pp_disabled_macro_expansion" file="C:\dev\kicad-personal\qa\geometry\test_chamfer_fillet.cpp" line="129" col="1" msg="disabled expansion of recursive macro" />
 <error level="warning" id="pp_disabled_macro_expansion" file="C:\dev\kicad-personal\qa\geometry\test_chamfer_fillet.cpp" line="129" col="1" msg="disabled expansion of recursive macro" />
 <error level="warning" id="pp_disabled_macro_expansion" file="C:\dev\kicad-personal\qa\geometry\test_chamfer_fillet.cpp" line="129" col="1" msg="disabled expansion of recursive macro" />
 <error level="warning" id="pp_disabled_macro_expansion" file="C:\dev\kicad-personal\qa\geometry\test_chamfer_fillet.cpp" line="129" col="1" msg="disabled expansion of recursive macro" />
 <error level="warning" id="warn_global_constructor" file="C:\dev\kicad-personal\qa\geometry\test_chamfer_fillet.cpp" line="129" col="1" msg="declaration requires a global constructor" />
 <error level="warning" id="warn_impcast_integer_sign" file="C:\dev\kicad-personal\qa\geometry\test_chamfer_fillet.cpp" line="141" col="57" msg="implicit conversion changes signedness: &apos;int&apos; to &apos;unsigned int&apos;" />
 <error level="warning" id="warn_impcast_integer_sign" file="C:\dev\kicad-personal\qa\geometry\test_chamfer_fillet.cpp" line="141" col="65" msg="implicit conversion changes signedness: &apos;size_t&apos; (aka &apos;unsigned int&apos;) to &apos;int&apos;" />
 <error level="warning" id="warn_impcast_integer_sign" file="C:\dev\kicad-personal\qa\geometry\test_chamfer_fillet.cpp" line="144" col="48" msg="implicit conversion changes signedness: &apos;int&apos; to &apos;unsigned int&apos;" />
 <error level="warning" id="warn_impcast_integer_sign" file="C:\dev\kicad-personal\qa\geometry\test_chamfer_fillet.cpp" line="152" col="75" msg="implicit conversion changes signedness: &apos;size_t&apos; (aka &apos;unsigned int&apos;) to &apos;int&apos;" />
 <error level="warning" id="warn_global_constructor" file="C:\dev\kicad-personal\qa\geometry\test_chamfer_fillet.cpp" line="159" col="1" msg="declaration requires a global constructor" />
 <error level="note" id="note_template_member_function_here" file="C:\dev\kicad-personal\qa\geometry\test_chamfer_fillet.cpp" line="37" col="1" msg="in instantiation of member function &apos;boost::unit_test::singleton&lt;boost::unit_test::decorator::collector&gt;::instance&apos; requested here" />
 <error level="note" id="note_template_member_function_here" file="C:\dev\kicad-personal\qa\geometry\test_chamfer_fillet.cpp" line="37" col="1" msg="in instantiation of member function &apos;boost::unit_test::basic_cstring&lt;const char&gt;::basic_cstring&apos; requested here" />
 <error level="note" id="note_function_template_spec_here" file="C:\dev\kicad-personal\qa\geometry\test_chamfer_fillet.cpp" line="86" col="10" msg="in instantiation of function template specialization &apos;std::sort&lt;std::_Vector_iterator&lt;std::_Vector_val&lt;std::_Simple_types&lt;VECTOR2&lt;int&gt; &gt; &gt; &gt;, bool (*)(VECTOR2&lt;int&gt;, VECTOR2&lt;int&gt;)&gt;&apos; requested here" />
 <error level="note" id="note_function_template_spec_here" file="C:\dev\kicad-personal\qa\geometry\test_chamfer_fillet.cpp" line="90" col="5" msg="in instantiation of function template specialization &apos;boost::test_tools::tt_detail::equal_coll_impl::operator()&lt;std::_Vector_iterator&lt;std::_Vector_val&lt;std::_Simple_types&lt;VECTOR2&lt;int&gt; &gt; &gt; &gt;, std::_Vector_iterator&lt;std::_Vector_val&lt;std::_Simple_types&lt;VECTOR2&lt;int&gt; &gt; &gt; &gt; &gt;&apos; requested here" />
 <error level="note" id="note_function_template_spec_here" file="C:\dev\kicad-personal\qa\geometry\test_chamfer_fillet.cpp" line="99" col="1" msg="in instantiation of function template specialization &apos;boost::function&lt;void ()&gt;::function&lt;void (*)()&gt;&apos; requested here" />
 <error level="note" id="note_function_template_spec_here" file="C:\dev\kicad-personal\qa\geometry\test_chamfer_fillet.cpp" line="99" col="1" msg="in instantiation of function template specialization &apos;boost::function&lt;void ()&gt;::function&lt;void (*)()&gt;&apos; requested here" />
 <error level="note" id="note_template_member_function_here" file="C:\dev\kicad-personal\qa\geometry\test_chamfer_fillet.cpp" line="101" col="29" msg="in instantiation of member function &apos;std::vector&lt;SHAPE_LINE_CHAIN, std::allocator&lt;SHAPE_LINE_CHAIN&gt; &gt;::~vector&apos; requested here" />
</log>