<log>
 <error level="warning" id="warn_doc_param_not_found" file="C:\dev\kicad-personal\include\math/vector2d.h" line="158" col="15" msg="parameter &apos;aNewLength:&apos; not found in the function declaration" />
 <error level="warning" id="warn_doc_param_not_found" file="C:\dev\kicad-personal\include\math/box2.h" line="457" col="15" msg="parameter &apos;aBox:&apos; not found in the function declaration" />
 <error level="warning" id="warn_doc_param_not_found" file="C:\dev\kicad-personal\include\math/box2.h" line="492" col="15" msg="parameter &apos;aBox:&apos; not found in the function declaration" />
 <error level="warning" id="warn_doc_param_not_found" file="C:\dev\kicad-personal\include\view/view_item.h" line="125" col="15" msg="parameter &apos;aLayers[]:&apos; not found in the function declaration" />
 <error level="warning" id="warn_doc_param_not_found" file="C:\dev\kicad-personal\include\view/view_item.h" line="126" col="15" msg="parameter &apos;aCount:&apos; not found in the function declaration" />
 <error level="warning" id="warn_doc_param_not_found" file="C:\dev\kicad-personal\include\view/view_item.h" line="113" col="15" msg="parameter &apos;aLayer:&apos; not found in the function declaration" />
 <error level="warning" id="warn_doc_param_not_found" file="C:\dev\kicad-personal\include\view/view_item.h" line="114" col="15" msg="parameter &apos;aView:&apos; not found in the function declaration" />
 <error level="warning" id="warn_doc_param_not_found" file="C:\dev\kicad-personal\include\view/view_item.h" line="135" col="15" msg="parameter &apos;aLayer:&apos; not found in the function declaration" />
 <error level="warning" id="warn_doc_param_not_found" file="C:\dev\kicad-personal\include\view/view_item.h" line="136" col="15" msg="parameter &apos;aView:&apos; not found in the function declaration" />
 <error level="warning" id="warn_doc_param_not_found" file="C:\dev\kicad-personal\include\confirm.h" line="117" col="11" msg="parameter &apos;aParent&apos; not found in the function declaration" />
 <error level="warning" id="warn_doc_param_not_found" file="C:\dev\wxWidgets\include\wx/html/htmlwin.h" line="191" col="16" msg="parameter &apos;x,&apos; not found in the function declaration" />
 <error level="warning" id="warn_doc_param_not_found" file="C:\dev\wxWidgets\include\wx/html/htmlwin.h" line="201" col="16" msg="parameter &apos;x,&apos; not found in the function declaration" />
 <error level="warning" id="warn_doc_param_not_found" file="C:\dev\kicad-personal\include\draw_frame.h" line="362" col="15" msg="parameter &apos;aColor:&apos; not found in the function declaration" />
 <error level="warning" id="warn_doc_param_not_found" file="C:\dev\kicad-personal\include\eda_text.h" line="257" col="15" msg="parameter &apos;aPoint-&apos; not found in the function declaration" />
 <error level="error" id="err_pp_file_not_found" file="C:\dev\vcpkg\installed\x64-windows\include\boost/mpl/aux_/include_preprocessed.hpp" line="37" col="13" msg="&apos;boost/mpl/aux_/preprocessed/plain/&amp;&amp;.hpp&apos; file not found" />
 <error level="error" id="err_pp_file_not_found" file="C:\dev\vcpkg\installed\x64-windows\include\boost/mpl/aux_/include_preprocessed.hpp" line="37" col="13" msg="&apos;boost/mpl/aux_/preprocessed/plain/||.hpp&apos; file not found" />
 <error level="warning" id="warn_doc_param_not_found" file="C:\dev\kicad-personal\include\pcb_base_frame.h" line="417" col="15" msg="parameter &apos;aSameFootprints:&apos; not found in the function declaration" />
 <error level="warning" id="warn_doc_param_not_found" file="C:\dev\kicad-personal\include\pcb_base_frame.h" line="418" col="15" msg="parameter &apos;aPadShapeFilter:&apos; not found in the function declaration" />
 <error level="warning" id="warn_doc_param_not_found" file="C:\dev\kicad-personal\include\pcb_base_frame.h" line="419" col="15" msg="parameter &apos;aPadOrientFilter:&apos; not found in the function declaration" />
 <error level="warning" id="warn_doc_param_not_found" file="C:\dev\kicad-personal\include\pcb_base_frame.h" line="420" col="15" msg="parameter &apos;aPadLayerFilter:&apos; not found in the function declaration" />
 <error level="warning" id="warn_doc_param_not_found" file="C:\dev\kicad-personal\include\pcb_base_frame.h" line="421" col="15" msg="parameter &apos;aSaveForUndo:&apos; not found in the function declaration" />
 <error level="warning" id="warn_doc_param_not_found" file="C:\dev\kicad-personal\pcbnew\.\pcb_edit_frame.h" line="230" col="15" msg="parameter &apos;full&apos; not found in the function declaration" />
 <error level="warning" id="warn_doc_param_not_found" file="C:\dev\kicad-personal\pcbnew\.\pcb_edit_frame.h" line="929" col="15" msg="parameter &apos;aStoreInNewLib:&apos; not found in the function declaration" />
 <error level="warning" id="warn_doc_param_not_found" file="C:\dev\kicad-personal\pcbnew\.\pcb_edit_frame.h" line="936" col="15" msg="parameter &apos;aLibName:&apos; not found in the function declaration" />
 <error level="warning" id="warn_doc_param_not_found" file="C:\dev\kicad-personal\pcbnew\.\pcb_edit_frame.h" line="1444" col="15" msg="parameter &apos;zone_container:&apos; not found in the function declaration" />
 <error level="warning" id="warn_doc_param_not_found" file="C:\dev\kicad-personal\pcbnew\.\pcb_edit_frame.h" line="1472" col="15" msg="parameter &apos;zone_container:&apos; not found in the function declaration" />
 <error level="warning" id="warn_doc_param_not_found" file="C:\dev\kicad-personal\pcbnew\.\pcb_edit_frame.h" line="1562" col="15" msg="parameter &apos;aFootprints:&apos; not found in the function declaration" />
 <error level="warning" id="warn_doc_param_not_found" file="C:\dev\kicad-personal\pcbnew\.\pcb_edit_frame.h" line="1563" col="15" msg="parameter &apos;aMoveFootprintsOutsideBoardOnly:&apos; not found in the function declaration" />
 <error level="warning" id="warn_doc_param_not_found" file="C:\dev\kicad-personal\pcbnew\.\pcb_edit_frame.h" line="1567" col="15" msg="parameter &apos;aCheckForBoardEdges:&apos; not found in the function declaration" />
 <error level="warning" id="warn_doc_param_not_found" file="C:\dev\vcpkg\installed\x64-windows\include\glm/./gtc/matrix_transform.hpp" line="282" col="13" msg="parameter &apos;near&apos; not found in the function declaration" />
 <error level="warning" id="warn_doc_param_not_found" file="C:\dev\vcpkg\installed\x64-windows\include\glm/./gtc/matrix_transform.hpp" line="283" col="13" msg="parameter &apos;far&apos; not found in the function declaration" />
 <error level="warning" id="warn_doc_param_not_found" file="C:\dev\vcpkg\installed\x64-windows\include\glm/./gtc/matrix_transform.hpp" line="295" col="13" msg="parameter &apos;near&apos; not found in the function declaration" />
 <error level="warning" id="warn_doc_param_not_found" file="C:\dev\vcpkg\installed\x64-windows\include\glm/./gtc/matrix_transform.hpp" line="296" col="13" msg="parameter &apos;far&apos; not found in the function declaration" />
 <error level="warning" id="warn_doc_param_not_found" file="C:\dev\vcpkg\installed\x64-windows\include\glm/./gtc/matrix_transform.hpp" line="308" col="13" msg="parameter &apos;near&apos; not found in the function declaration" />
 <error level="warning" id="warn_doc_param_not_found" file="C:\dev\vcpkg\installed\x64-windows\include\glm/./gtc/matrix_transform.hpp" line="309" col="13" msg="parameter &apos;far&apos; not found in the function declaration" />
 <error level="warning" id="warn_doc_param_not_found" file="C:\dev\vcpkg\installed\x64-windows\include\glm/./gtc/matrix_transform.hpp" line="321" col="13" msg="parameter &apos;near&apos; not found in the function declaration" />
 <error level="warning" id="warn_doc_param_not_found" file="C:\dev\vcpkg\installed\x64-windows\include\glm/./gtc/matrix_transform.hpp" line="322" col="13" msg="parameter &apos;far&apos; not found in the function declaration" />
 <error level="warning" id="warn_doc_param_not_found" file="C:\dev\vcpkg\installed\x64-windows\include\glm/./gtc/matrix_transform.hpp" line="334" col="13" msg="parameter &apos;near&apos; not found in the function declaration" />
 <error level="warning" id="warn_doc_param_not_found" file="C:\dev\vcpkg\installed\x64-windows\include\glm/./gtc/matrix_transform.hpp" line="335" col="13" msg="parameter &apos;far&apos; not found in the function declaration" />
 <error level="warning" id="warn_doc_param_not_found" file="C:\dev\vcpkg\installed\x64-windows\include\glm/./gtc/matrix_transform.hpp" line="347" col="13" msg="parameter &apos;near&apos; not found in the function declaration" />
 <error level="warning" id="warn_doc_param_not_found" file="C:\dev\vcpkg\installed\x64-windows\include\glm/./gtc/matrix_transform.hpp" line="348" col="13" msg="parameter &apos;far&apos; not found in the function declaration" />
 <error level="warning" id="warn_doc_param_not_found" file="C:\dev\vcpkg\installed\x64-windows\include\glm/./gtc/matrix_transform.hpp" line="361" col="13" msg="parameter &apos;near&apos; not found in the function declaration" />
 <error level="warning" id="warn_doc_param_not_found" file="C:\dev\vcpkg\installed\x64-windows\include\glm/./gtc/matrix_transform.hpp" line="362" col="13" msg="parameter &apos;far&apos; not found in the function declaration" />
 <error level="warning" id="warn_doc_param_not_found" file="C:\dev\vcpkg\installed\x64-windows\include\glm/./gtc/matrix_transform.hpp" line="375" col="13" msg="parameter &apos;near&apos; not found in the function declaration" />
 <error level="warning" id="warn_doc_param_not_found" file="C:\dev\vcpkg\installed\x64-windows\include\glm/./gtc/matrix_transform.hpp" line="376" col="13" msg="parameter &apos;far&apos; not found in the function declaration" />
 <error level="warning" id="warn_doc_param_not_found" file="C:\dev\vcpkg\installed\x64-windows\include\glm/./gtc/matrix_transform.hpp" line="388" col="13" msg="parameter &apos;near&apos; not found in the function declaration" />
 <error level="warning" id="warn_doc_param_not_found" file="C:\dev\vcpkg\installed\x64-windows\include\glm/./gtc/matrix_transform.hpp" line="389" col="13" msg="parameter &apos;far&apos; not found in the function declaration" />
 <error level="warning" id="warn_doc_param_not_found" file="C:\dev\vcpkg\installed\x64-windows\include\glm/./gtc/matrix_transform.hpp" line="403" col="13" msg="parameter &apos;near&apos; not found in the function declaration" />
 <error level="warning" id="warn_doc_param_not_found" file="C:\dev\vcpkg\installed\x64-windows\include\glm/./gtc/matrix_transform.hpp" line="404" col="13" msg="parameter &apos;far&apos; not found in the function declaration" />
 <error level="warning" id="warn_doc_param_not_found" file="C:\dev\vcpkg\installed\x64-windows\include\glm/./gtc/matrix_transform.hpp" line="417" col="13" msg="parameter &apos;near&apos; not found in the function declaration" />
 <error level="warning" id="warn_doc_param_not_found" file="C:\dev\vcpkg\installed\x64-windows\include\glm/./gtc/matrix_transform.hpp" line="418" col="13" msg="parameter &apos;far&apos; not found in the function declaration" />
 <error level="warning" id="warn_doc_param_not_found" file="C:\dev\vcpkg\installed\x64-windows\include\glm/./gtc/matrix_transform.hpp" line="431" col="13" msg="parameter &apos;near&apos; not found in the function declaration" />
 <error level="warning" id="warn_doc_param_not_found" file="C:\dev\vcpkg\installed\x64-windows\include\glm/./gtc/matrix_transform.hpp" line="432" col="13" msg="parameter &apos;far&apos; not found in the function declaration" />
 <error level="warning" id="warn_doc_param_not_found" file="C:\dev\vcpkg\installed\x64-windows\include\glm/./gtc/matrix_transform.hpp" line="445" col="13" msg="parameter &apos;near&apos; not found in the function declaration" />
 <error level="warning" id="warn_doc_param_not_found" file="C:\dev\vcpkg\installed\x64-windows\include\glm/./gtc/matrix_transform.hpp" line="446" col="13" msg="parameter &apos;far&apos; not found in the function declaration" />
 <error level="warning" id="warn_doc_param_not_found" file="C:\dev\vcpkg\installed\x64-windows\include\glm/./gtc/matrix_transform.hpp" line="459" col="13" msg="parameter &apos;near&apos; not found in the function declaration" />
 <error level="warning" id="warn_doc_param_not_found" file="C:\dev\vcpkg\installed\x64-windows\include\glm/./gtc/matrix_transform.hpp" line="460" col="13" msg="parameter &apos;far&apos; not found in the function declaration" />
 <error level="warning" id="warn_doc_param_not_found" file="C:\dev\vcpkg\installed\x64-windows\include\glm/./gtc/matrix_transform.hpp" line="473" col="13" msg="parameter &apos;near&apos; not found in the function declaration" />
 <error level="warning" id="warn_doc_param_not_found" file="C:\dev\vcpkg\installed\x64-windows\include\glm/./gtc/matrix_transform.hpp" line="474" col="13" msg="parameter &apos;far&apos; not found in the function declaration" />
 <error level="warning" id="warn_doc_param_not_found" file="C:\dev\vcpkg\installed\x64-windows\include\glm/./gtc/matrix_transform.hpp" line="488" col="13" msg="parameter &apos;near&apos; not found in the function declaration" />
 <error level="warning" id="warn_doc_param_not_found" file="C:\dev\vcpkg\installed\x64-windows\include\glm/./gtc/matrix_transform.hpp" line="489" col="13" msg="parameter &apos;far&apos; not found in the function declaration" />
 <error level="warning" id="warn_doc_param_not_found" file="C:\dev\vcpkg\installed\x64-windows\include\glm/./gtc/matrix_transform.hpp" line="503" col="13" msg="parameter &apos;near&apos; not found in the function declaration" />
 <error level="warning" id="warn_doc_param_not_found" file="C:\dev\vcpkg\installed\x64-windows\include\glm/./gtc/matrix_transform.hpp" line="504" col="13" msg="parameter &apos;far&apos; not found in the function declaration" />
 <error level="warning" id="warn_doc_param_not_found" file="C:\dev\vcpkg\installed\x64-windows\include\glm/./gtc/matrix_transform.hpp" line="517" col="13" msg="parameter &apos;near&apos; not found in the function declaration" />
 <error level="warning" id="warn_doc_param_not_found" file="C:\dev\vcpkg\installed\x64-windows\include\glm/./gtc/matrix_transform.hpp" line="518" col="13" msg="parameter &apos;far&apos; not found in the function declaration" />
 <error level="warning" id="warn_doc_param_not_found" file="C:\dev\vcpkg\installed\x64-windows\include\glm/./gtc/matrix_transform.hpp" line="529" col="13" msg="parameter &apos;near&apos; not found in the function declaration" />
 <error level="warning" id="warn_doc_param_not_found" file="C:\dev\vcpkg\installed\x64-windows\include\glm/./gtc/matrix_transform.hpp" line="540" col="13" msg="parameter &apos;near&apos; not found in the function declaration" />
 <error level="warning" id="warn_doc_param_not_found" file="C:\dev\vcpkg\installed\x64-windows\include\glm/./gtc/matrix_transform.hpp" line="551" col="13" msg="parameter &apos;near&apos; not found in the function declaration" />
 <error level="warning" id="warn_doc_param_not_found" file="C:\dev\vcpkg\installed\x64-windows\include\glm/./gtc/matrix_transform.hpp" line="562" col="13" msg="parameter &apos;near&apos; not found in the function declaration" />
 <error level="warning" id="warn_doc_param_not_found" file="C:\dev\vcpkg\installed\x64-windows\include\glm/./gtc/matrix_transform.hpp" line="573" col="13" msg="parameter &apos;near&apos; not found in the function declaration" />
 <error level="warning" id="warn_doc_param_not_found" file="C:\dev\kicad-personal\pcbnew\..\3d-viewer\3d_viewer/../3d_canvas/../3d_rendering/3d_render_raytracing/accelerators/../shapes2D/cbbox2d.h" line="80" col="15" msg="parameter &apos;CBBOX2D&apos; not found in the function declaration" />
 <error level="warning" id="warn_doc_param_not_found" file="C:\dev\kicad-personal\pcbnew\..\3d-viewer\3d_viewer/../3d_canvas/../3d_rendering/3d_render_raytracing/accelerators/../shapes2D/cbbox2d.h" line="127" col="15" msg="parameter &apos;aBBox&apos; not found in the function declaration" />
 <error level="warning" id="warn_doc_param_not_found" file="C:\dev\kicad-personal\pcbnew\..\3d-viewer\3d_viewer/../3d_canvas/../3d_rendering/3d_render_raytracing/accelerators/../shapes3D/cbbox.h" line="81" col="15" msg="parameter &apos;aPbMin&apos; not found in the function declaration" />
 <error level="warning" id="warn_doc_param_not_found" file="C:\dev\kicad-personal\pcbnew\..\3d-viewer\3d_viewer/../3d_canvas/../3d_rendering/3d_render_raytracing/accelerators/../shapes3D/cbbox.h" line="82" col="15" msg="parameter &apos;aPbMax&apos; not found in the function declaration" />
 <error level="warning" id="warn_doc_param_not_found" file="C:\dev\kicad-personal\pcbnew\..\3d-viewer\3d_viewer/../3d_canvas/../3d_rendering/3d_render_raytracing/accelerators/../shapes2D/../cfrustum.h" line="59" col="15" msg="parameter &apos;aBBox:&apos; not found in the function declaration" />
 <error level="warning" id="warn_doc_param_not_found" file="C:\dev\kicad-personal\pcbnew\..\3d-viewer\3d_viewer/../3d_canvas/../3d_rendering/3d_render_raytracing/accelerators/../shapes2D/../../ccamera.h" line="87" col="15" msg="parameter &apos;aRangeScale:&apos; not found in the function declaration" />
 <error level="warning" id="warn_doc_param_not_found" file="C:\dev\kicad-personal\pcbnew\..\3d-viewer\3d_viewer/../3d_canvas/../3d_rendering/3d_render_raytracing/accelerators/../shapes2D/../../ccamera.h" line="219" col="15" msg="parameter &apos;aWindowPos:&apos; not found in the function declaration" />
 <error level="warning" id="warn_doc_param_not_found" file="C:\dev\kicad-personal\pcbnew\..\3d-viewer\3d_viewer/../3d_canvas/../3d_rendering/3d_render_raytracing/accelerators/../shapes2D/../../ccamera.h" line="220" col="15" msg="parameter &apos;aOutOrigin:&apos; not found in the function declaration" />
 <error level="warning" id="warn_doc_param_not_found" file="C:\dev\kicad-personal\pcbnew\..\3d-viewer\3d_viewer/../3d_canvas/../3d_rendering/3d_render_raytracing/accelerators/../shapes2D/../../ccamera.h" line="221" col="15" msg="parameter &apos;aOutDirection:&apos; not found in the function declaration" />
 <error level="warning" id="warn_doc_param_not_found" file="C:\dev\kicad-personal\pcbnew\..\3d-viewer\3d_viewer/../3d_canvas/../3d_rendering/3d_render_raytracing/accelerators/../shapes2D/../../ccamera.h" line="227" col="15" msg="parameter &apos;aWindowPos:&apos; not found in the function declaration" />
 <error level="warning" id="warn_doc_param_not_found" file="C:\dev\kicad-personal\pcbnew\..\3d-viewer\3d_viewer/../3d_canvas/../3d_rendering/3d_render_raytracing/accelerators/../shapes2D/../../ccamera.h" line="228" col="15" msg="parameter &apos;aOutOrigin:&apos; not found in the function declaration" />
 <error level="warning" id="warn_doc_param_not_found" file="C:\dev\kicad-personal\pcbnew\..\3d-viewer\3d_viewer/../3d_canvas/../3d_rendering/3d_render_raytracing/accelerators/../shapes2D/../../ccamera.h" line="229" col="15" msg="parameter &apos;aOutDirection:&apos; not found in the function declaration" />
 <error level="warning" id="warn_doc_param_not_found" file="C:\dev\kicad-personal\pcbnew\..\3d-viewer\3d_viewer/../3d_canvas/../3d_rendering/3d_render_raytracing/accelerators/../shapes2D/../../ccamera.h" line="235" col="15" msg="parameter &apos;aOutOrigin:&apos; not found in the function declaration" />
 <error level="warning" id="warn_doc_param_not_found" file="C:\dev\kicad-personal\pcbnew\..\3d-viewer\3d_viewer/../3d_canvas/../3d_rendering/3d_render_raytracing/accelerators/../shapes2D/../../ccamera.h" line="236" col="15" msg="parameter &apos;aOutDirection:&apos; not found in the function declaration" />
 <error level="warning" id="warn_doc_param_not_found" file="C:\dev\kicad-personal\pcbnew\..\3d-viewer\3d_viewer/../3d_canvas/../3d_rendering/3d_render_raytracing/accelerators/../shapes3D/../cmaterial.h" line="46" col="15" msg="parameter &apos;aRay:&apos; not found in the function declaration" />
 <error level="warning" id="warn_doc_param_not_found" file="C:\dev\kicad-personal\pcbnew\..\3d-viewer\3d_viewer/../3d_canvas/../3d_rendering/3d_render_raytracing/accelerators/../shapes3D/../cmaterial.h" line="47" col="15" msg="parameter &apos;aHitInfo:&apos; not found in the function declaration" />
 <error level="warning" id="warn_doc_param_not_found" file="C:\dev\kicad-personal\pcbnew\..\3d-viewer\3d_viewer/../3d_canvas/../3d_rendering/3d_render_raytracing/accelerators/../shapes3D/../cmaterial.h" line="203" col="15" msg="parameter &apos;aRay:&apos; not found in the function declaration" />
 <error level="warning" id="warn_doc_param_not_found" file="C:\dev\kicad-personal\pcbnew\..\3d-viewer\3d_viewer/../3d_canvas/../3d_rendering/3d_render_raytracing/accelerators/../shapes3D/../cmaterial.h" line="204" col="15" msg="parameter &apos;aHitInfo:&apos; not found in the function declaration" />
 <error level="warning" id="warn_doc_param_not_found" file="C:\dev\kicad-personal\pcbnew\..\3d-viewer\3d_viewer/../3d_canvas/../3d_rendering/3d_render_raytracing/accelerators/../shapes3D/../cmaterial.h" line="205" col="15" msg="parameter &apos;NdotL:&apos; not found in the function declaration" />
 <error level="warning" id="warn_doc_param_not_found" file="C:\dev\kicad-personal\pcbnew\..\3d-viewer\3d_viewer/../3d_canvas/../3d_rendering/3d_render_raytracing/accelerators/../shapes3D/../cmaterial.h" line="206" col="15" msg="parameter &apos;aDiffuseObjColor:&apos; not found in the function declaration" />
 <error level="warning" id="warn_doc_param_not_found" file="C:\dev\kicad-personal\pcbnew\..\3d-viewer\3d_viewer/../3d_canvas/../3d_rendering/3d_render_raytracing/accelerators/../shapes3D/../cmaterial.h" line="207" col="15" msg="parameter &apos;aDirToLight:&apos; not found in the function declaration" />
 <error level="warning" id="warn_doc_param_not_found" file="C:\dev\kicad-personal\pcbnew\..\3d-viewer\3d_viewer/../3d_canvas/../3d_rendering/3d_render_raytracing/accelerators/../shapes3D/../cmaterial.h" line="208" col="15" msg="parameter &apos;aLightColor:&apos; not found in the function declaration" />
 <error level="warning" id="warn_doc_param_not_found" file="C:\dev\kicad-personal\include\geometry/seg.h" line="145" col="16" msg="parameter &apos;aDetermineSide:&apos; not found in the function declaration" />
 <error level="warning" id="warn_doc_param_not_found" file="C:\dev\kicad-personal\include\geometry/seg.h" line="163" col="15" msg="parameter &apos;aSeg:&apos; not found in the function declaration" />
 <error level="warning" id="warn_doc_param_not_found" file="C:\dev\kicad-personal\include\geometry/seg.h" line="164" col="15" msg="parameter &apos;aIgnoreEndpoints:&apos; not found in the function declaration" />
 <error level="warning" id="warn_doc_param_not_found" file="C:\dev\kicad-personal\include\geometry/seg.h" line="166" col="15" msg="parameter &apos;aLines:&apos; not found in the function declaration" />
 <error level="warning" id="warn_doc_param_not_found" file="C:\dev\kicad-personal\include\geometry/shape_line_chain.h" line="148" col="15" msg="parameter &apos;aClosed:&apos; not found in the function declaration" />
 <error level="warning" id="warn_doc_param_not_found" file="C:\dev\kicad-personal\include\geometry/shape_line_chain.h" line="195" col="15" msg="parameter &apos;aIndex:&apos; not found in the function declaration" />
 <error level="warning" id="warn_doc_param_not_found" file="C:\dev\kicad-personal\include\geometry/shape_line_chain.h" line="214" col="15" msg="parameter &apos;aIndex:&apos; not found in the function declaration" />
 <error level="warning" id="warn_doc_param_not_found" file="C:\dev\kicad-personal\pcbnew\..\polygon\PolyLine.h" line="390" col="15" msg="parameter &apos;ic=&apos; not found in the function declaration" />
 <error level="warning" id="warn_doc_param_not_found" file="C:\dev\kicad-personal\pcbnew\.\class_pad.h" line="249" col="15" msg="parameter &apos;the&apos; not found in the function declaration" />
 <error level="warning" id="warn_doc_param_not_found" file="C:\dev\kicad-personal\pcbnew\..\polygon\math_for_graphics.h" line="30" col="11" msg="parameter &apos;x1i,&apos; not found in the function declaration" />
 <error level="warning" id="warn_doc_param_not_found" file="C:\dev\kicad-personal\pcbnew\..\polygon\math_for_graphics.h" line="31" col="11" msg="parameter &apos;x2i,&apos; not found in the function declaration" />
 <error level="warning" id="warn_doc_param_not_found" file="C:\dev\kicad-personal\pcbnew\..\polygon\math_for_graphics.h" line="32" col="11" msg="parameter &apos;x,&apos; not found in the function declaration" />
 <error level="warning" id="warn_doc_param_not_found" file="C:\dev\kicad-personal\pcbnew\..\polygon\math_for_graphics.h" line="52" col="11" msg="parameter &apos;x,y&apos; not found in the function declaration" />
 <error level="warning" id="warn_doc_param_not_found" file="C:\dev\kicad-personal\pcbnew\..\polygon\math_for_graphics.h" line="53" col="11" msg="parameter &apos;xi,yi,&apos; not found in the function declaration" />
 <error level="warning" id="warn_doc_param_not_found" file="C:\dev\kicad-personal\pcbnew\.\zone_settings.h" line="108" col="15" msg="parameter &apos;aSource:&apos; not found in the function declaration" />
 <error level="warning" id="warn_doc_param_not_found" file="C:\dev\kicad-personal\pcbnew\.\zone_settings.h" line="121" col="15" msg="parameter &apos;aTarget:&apos; not found in the function declaration" />
 <error level="warning" id="warn_doc_param_not_found" file="C:\dev\kicad-personal\pcbnew\.\zone_settings.h" line="122" col="15" msg="parameter &apos;aFullExport:&apos; not found in the function declaration" />
 <error level="warning" id="warn_doc_param_not_found" file="C:\dev\kicad-personal\pcbnew\..\3d-viewer\3d_viewer/../3d_canvas/cinfo3d_visu.h" line="92" col="15" msg="parameter &apos;aFlag:&apos; not found in the function declaration" />
 <error level="warning" id="warn_doc_param_not_found" file="C:\dev\kicad-personal\pcbnew\..\3d-viewer\3d_viewer/../3d_canvas/cinfo3d_visu.h" line="99" col="15" msg="parameter &apos;aFlag:&apos; not found in the function declaration" />
 <error level="warning" id="warn_doc_param_not_found" file="C:\dev\kicad-personal\pcbnew\..\3d-viewer\3d_viewer/../3d_canvas/cinfo3d_visu.h" line="100" col="15" msg="parameter &apos;aState:&apos; not found in the function declaration" />
 <error level="warning" id="warn_doc_param_not_found" file="C:\dev\kicad-personal\pcbnew\..\3d-viewer\3d_viewer/../3d_canvas/cinfo3d_visu.h" line="106" col="15" msg="parameter &apos;aLayer:&apos; not found in the function declaration" />
 <error level="warning" id="warn_doc_param_not_found" file="C:\dev\kicad-personal\pcbnew\..\3d-viewer\3d_viewer/../3d_canvas/cinfo3d_visu.h" line="133" col="15" msg="parameter &apos;aStatusTextReporter:&apos; not found in the function declaration" />
 <error level="warning" id="warn_doc_param_not_found" file="C:\dev\kicad-personal\pcbnew\..\3d-viewer\3d_viewer/../3d_canvas/cinfo3d_visu.h" line="194" col="15" msg="parameter &apos;aIsFlipped:&apos; not found in the function declaration" />
 <error level="warning" id="warn_doc_param_not_found" file="C:\dev\kicad-personal\pcbnew\..\3d-viewer\3d_viewer/../3d_canvas/cinfo3d_visu.h" line="202" col="15" msg="parameter &apos;aCameraType:&apos; not found in the function declaration" />
 <error level="warning" id="warn_doc_param_not_found" file="C:\dev\kicad-personal\pcbnew\..\3d-viewer\3d_viewer/../3d_canvas/cinfo3d_visu.h" line="256" col="15" msg="parameter &apos;aLayerId:&apos; not found in the function declaration" />
 <error level="warning" id="warn_doc_param_not_found" file="C:\dev\kicad-personal\pcbnew\..\3d-viewer\3d_viewer/../3d_canvas/cinfo3d_visu.h" line="263" col="15" msg="parameter &apos;aItemId:&apos; not found in the function declaration" />
 <error level="warning" id="warn_doc_param_not_found" file="C:\dev\kicad-personal\pcbnew\..\3d-viewer\3d_viewer/../3d_canvas/cinfo3d_visu.h" line="270" col="15" msg="parameter &apos;aColor:&apos; not found in the function declaration" />
 <error level="warning" id="warn_doc_param_not_found" file="C:\dev\kicad-personal\pcbnew\..\3d-viewer\3d_viewer/../3d_canvas/cinfo3d_visu.h" line="390" col="15" msg="parameter &apos;aDiameter3DU:&apos; not found in the function declaration" />
 <error level="warning" id="warn_doc_param_not_found" file="C:\dev\kicad-personal\pcbnew\..\3d-viewer\3d_viewer/../3d_canvas/cinfo3d_visu.h" line="397" col="15" msg="parameter &apos;aDiameterBIU:&apos; not found in the function declaration" />
 <error level="warning" id="warn_doc_param_not_found" file="C:\dev\kicad-personal\pcbnew\..\3d-viewer\3d_viewer/../3d_canvas/cinfo3d_visu.h" line="405" col="15" msg="parameter &apos;aNrSides:&apos; not found in the function declaration" />
 <error level="warning" id="warn_doc_param_not_found" file="C:\dev\kicad-personal\pcbnew\..\3d-viewer\3d_viewer/../3d_canvas/cinfo3d_visu.h" line="80" col="15" msg="parameter &apos;aCachePointer:&apos; not found in the function declaration" />
 <error level="warning" id="warn_doc_param_not_found" file="C:\dev\kicad-personal\pcbnew\..\3d-viewer\3d_viewer/../3d_canvas/cinfo3d_visu.h" line="120" col="15" msg="parameter &apos;aBoard:&apos; not found in the function declaration" />
 <error level="warning" id="warn_doc_param_not_found" file="C:\dev\kicad-personal\pcbnew\..\3d-viewer\3d_viewer/../3d_canvas/cinfo3d_visu.h" line="277" col="15" msg="parameter &apos;aLayerId:&apos; not found in the function declaration" />
 <error level="warning" id="warn_doc_param_not_found" file="C:\dev\kicad-personal\pcbnew\..\3d-viewer\3d_viewer/../3d_canvas/cinfo3d_visu.h" line="284" col="15" msg="parameter &apos;aLayerId:&apos; not found in the function declaration" />
 <error level="warning" id="warn_doc_param_not_found" file="C:\dev\kicad-personal\pcbnew\..\3d-viewer\3d_rendering/c3d_render_base.h" line="56" col="15" msg="parameter &apos;aSize:&apos; not found in the function declaration" />
 <error level="warning" id="warn_doc_param_not_found" file="C:\dev\kicad-personal\pcbnew\..\3d-viewer\3d_rendering/c3d_render_base.h" line="62" col="15" msg="parameter &apos;aIsMoving:&apos; not found in the function declaration" />
 <error level="warning" id="warn_doc_param_not_found" file="C:\dev\kicad-personal\pcbnew\..\3d-viewer\3d_rendering/c3d_render_base.h" line="64" col="15" msg="parameter &apos;aStatusTextReporter:&apos; not found in the function declaration" />
 <error level="warning" id="warn_doc_param_not_found" file="C:\dev\kicad-personal\pcbnew\..\3d-viewer\3d_rendering/3d_render_ogl_legacy/clayer_triangles.h" line="53" col="15" msg="parameter &apos;aNrReservedTriangles:&apos; not found in the function declaration" />
 <error level="warning" id="warn_doc_param_not_found" file="C:\dev\kicad-personal\pcbnew\..\3d-viewer\3d_rendering/3d_render_ogl_legacy/clayer_triangles.h" line="54" col="15" msg="parameter &apos;aReserveNormals:&apos; not found in the function declaration" />
 <error level="warning" id="warn_doc_param_not_found" file="C:\dev\kicad-personal\pcbnew\..\3d-viewer\3d_rendering/3d_render_ogl_legacy/clayer_triangles.h" line="143" col="15" msg="parameter &apos;aNrReservedTriangles:&apos; not found in the function declaration" />
 <error level="warning" id="warn_doc_param_not_found" file="C:\dev\kicad-personal\pcbnew\..\3d-viewer\3d_rendering/3d_render_ogl_legacy/clayer_triangles.h" line="194" col="15" msg="parameter &apos;aLayerTriangles:&apos; not found in the function declaration" />
 <error level="warning" id="warn_doc_param_not_found" file="C:\dev\kicad-personal\pcbnew\..\3d-viewer\3d_rendering/3d_render_ogl_legacy/clayer_triangles.h" line="196" col="15" msg="parameter &apos;aTextureIndexForSegEnds:&apos; not found in the function declaration" />
 <error level="warning" id="warn_doc_param_not_found" file="C:\dev\kicad-personal\pcbnew\..\3d-viewer\3d_rendering/3d_render_ogl_legacy/clayer_triangles.h" line="249" col="15" msg="parameter &apos;zCameraPos:&apos; not found in the function declaration" />
 <error level="warning" id="warn_doc_param_not_found" file="C:\dev\kicad-personal\pcbnew\..\3d-viewer\3d_rendering/3d_render_ogl_legacy/c_ogl_3dmodel.h" line="44" col="15" msg="parameter &apos;a3DModel:&apos; not found in the function declaration" />
 <error level="warning" id="warn_doc_param_not_found" file="C:\dev\kicad-personal\pcbnew\..\3d-viewer\3d_rendering/3d_render_ogl_legacy/c_ogl_3dmodel.h" line="45" col="15" msg="parameter &apos;aMaterialMode:&apos; not found in the function declaration" />
 <error level="warning" id="warn_doc_param_not_found" file="C:\dev\kicad-personal\pcbnew\..\3d-viewer\3d_viewer/../3d_canvas/../3d_rendering/3d_render_raytracing/accelerators/../shapes2D/../clight.h" line="46" col="15" msg="parameter &apos;aHitPoint:&apos; not found in the function declaration" />
 <error level="warning" id="warn_doc_param_not_found" file="C:\dev\kicad-personal\pcbnew\..\3d-viewer\3d_viewer/../3d_canvas/../3d_rendering/3d_render_raytracing/accelerators/../shapes2D/../clight.h" line="47" col="15" msg="parameter &apos;aOutVectorToLight:&apos; not found in the function declaration" />
 <error level="warning" id="warn_doc_param_not_found" file="C:\dev\kicad-personal\pcbnew\..\3d-viewer\3d_viewer/../3d_canvas/../3d_rendering/3d_render_raytracing/accelerators/../shapes2D/../clight.h" line="49" col="15" msg="parameter &apos;aOutLightColor:&apos; not found in the function declaration" />
 <error level="warning" id="warn_doc_param_not_found" file="C:\dev\kicad-personal\pcbnew\..\3d-viewer\3d_viewer/../3d_canvas/../3d_rendering/3d_render_raytracing/accelerators/../shapes2D/../clight.h" line="50" col="15" msg="parameter &apos;aOutDistance:&apos; not found in the function declaration" />
 <error level="warning" id="warn_doc_param_not_found" file="C:\dev\kicad-personal\pcbnew\..\3d-viewer\3d_viewer/../3d_canvas/../3d_rendering/3d_render_raytracing/accelerators/../shapes2D/../clight.h" line="127" col="15" msg="parameter &apos;aDir:&apos; not found in the function declaration" />
 <error level="warning" id="warn_doc_param_not_found" file="C:\dev\kicad-personal\pcbnew\..\3d-viewer\3d_viewer/../3d_canvas/eda_3d_canvas.h" line="61" col="16" msg="parameter &apos;aParent:&apos; not found in the function declaration" />
 <error level="warning" id="warn_doc_param_not_found" file="C:\dev\kicad-personal\pcbnew\..\3d-viewer\3d_viewer/../3d_canvas/eda_3d_canvas.h" line="62" col="16" msg="parameter &apos;aAttribList:&apos; not found in the function declaration" />
 <error level="warning" id="warn_doc_param_not_found" file="C:\dev\kicad-personal\pcbnew\..\3d-viewer\3d_viewer/../3d_canvas/eda_3d_canvas.h" line="63" col="16" msg="parameter &apos;aBoard:&apos; not found in the function declaration" />
 <error level="warning" id="warn_doc_param_not_found" file="C:\dev\kicad-personal\pcbnew\..\3d-viewer\3d_viewer/../3d_canvas/eda_3d_canvas.h" line="64" col="16" msg="parameter &apos;aSettings:&apos; not found in the function declaration" />
 <error level="warning" id="warn_doc_param_not_found" file="C:\dev\kicad-personal\pcbnew\..\3d-viewer\3d_viewer/../3d_canvas/eda_3d_canvas.h" line="103" col="15" msg="parameter &apos;aKeycode:&apos; not found in the function declaration" />
 <error level="warning" id="warn_doc_param_not_found" file="C:\dev\kicad-personal\pcbnew\..\3d-viewer\3d_viewer/../3d_canvas/eda_3d_canvas.h" line="186" col="15" msg="parameter &apos;aMovingSpeed:&apos; not found in the function declaration" />
 <error level="warning" id="warn_doc_param_not_found" file="C:\dev\kicad-personal\pcbnew\..\3d-viewer\3d_viewer/../3d_canvas/eda_3d_canvas.h" line="187" col="15" msg="parameter &apos;aRenderPivot:&apos; not found in the function declaration" />
 <error level="warning" id="warn_doc_param_not_found" file="C:\dev\kicad-personal\pcbnew\..\3d-viewer\3d_viewer/../3d_canvas/eda_3d_canvas.h" line="202" col="15" msg="parameter &apos;t:&apos; not found in the function declaration" />
 <error level="warning" id="warn_doc_param_not_found" file="C:\dev\kicad-personal\pcbnew\..\3d-viewer\3d_viewer/../3d_canvas/eda_3d_canvas.h" line="203" col="15" msg="parameter &apos;aScale:&apos; not found in the function declaration" />
 <error level="warning" id="warn_doc_param_not_found" file="C:\dev\kicad-personal\include\board_design_settings.h" line="576" col="15" msg="parameter &apos;aValue&apos; not found in the function declaration" />
 <error level="warning" id="warn_doc_param_not_found" file="C:\dev\kicad-personal\include\board_design_settings.h" line="499" col="15" msg="parameter &apos;aDrill&apos; not found in the function declaration" />
 <error level="warning" id="warn_doc_param_not_found" file="C:\dev\kicad-personal\include\draw_graphic_text.h" line="100" col="12" msg="parameter &apos;aCallback(&apos; not found in the function declaration" />
 <error level="warning" id="warn_doc_param_not_found" file="C:\dev\kicad-personal\pcbnew\.\class_board.h" line="1043" col="15" msg="parameter &apos;aCornerX,aCornerY&apos; not found in the function declaration" />
 <error level="warning" id="warn_doc_param_not_found" file="C:\dev\kicad-personal\pcbnew\.\connectivity_algo.h" line="776" col="14" msg="parameter &apos;:&apos; not found in the function declaration" />
 <error level="note" id="note_function_template_deduction_instantiation_here" file="C:\dev\kicad-personal\pcbnew\files.cpp" line="145" col="33" msg="while substituting deduced template arguments into function template &apos;operator|&apos; [with geometry_type_1 = (anonymous enum at C:\dev\wxWidgets\include\wx/filedlg.h:42:1), geometry_type_2 = (anonymous enum at C:\dev\wxWidgets\include\wx/filedlg.h:42:1)]" />
 <error level="note" id="note_function_template_deduction_instantiation_here" file="C:\dev\kicad-personal\pcbnew\files.cpp" line="145" col="33" msg="while substituting deduced template arguments into function template &apos;operator|&apos; [with geometry_type_1 = (anonymous enum at C:\dev\wxWidgets\include\wx/filedlg.h:42:1), geometry_type_2 = (anonymous enum at C:\dev\wxWidgets\include\wx/filedlg.h:42:1)]" />
 <error level="note" id="note_function_template_deduction_instantiation_here" file="C:\dev\kicad-personal\pcbnew\files.cpp" line="145" col="33" msg="while substituting deduced template arguments into function template &apos;operator|&apos; [with geometry_type_1 = (anonymous enum at C:\dev\wxWidgets\include\wx/filedlg.h:42:1), geometry_type_2 = (anonymous enum at C:\dev\wxWidgets\include\wx/filedlg.h:42:1)]" />
 <error level="note" id="note_function_template_deduction_instantiation_here" file="C:\dev\kicad-personal\pcbnew\files.cpp" line="145" col="33" msg="while substituting deduced template arguments into function template &apos;operator|&apos; [with geometry_type_1 = (anonymous enum at C:\dev\wxWidgets\include\wx/filedlg.h:42:1), geometry_type_2 = (anonymous enum at C:\dev\wxWidgets\include\wx/filedlg.h:42:1)]" />
 <error level="note" id="note_function_template_deduction_instantiation_here" file="C:\dev\kicad-personal\pcbnew\files.cpp" line="145" col="33" msg="while substituting deduced template arguments into function template &apos;operator|&apos; [with geometry_type_1 = (anonymous enum at C:\dev\wxWidgets\include\wx/filedlg.h:42:1), geometry_type_2 = (anonymous enum at C:\dev\wxWidgets\include\wx/filedlg.h:42:1)]" />
 <error level="note" id="note_function_template_deduction_instantiation_here" file="C:\dev\kicad-personal\pcbnew\files.cpp" line="145" col="33" msg="while substituting deduced template arguments into function template &apos;operator|&apos; [with geometry_type_1 = (anonymous enum at C:\dev\wxWidgets\include\wx/filedlg.h:42:1), geometry_type_2 = (anonymous enum at C:\dev\wxWidgets\include\wx/filedlg.h:42:1)]" />
 <error level="note" id="note_function_template_deduction_instantiation_here" file="C:\dev\kicad-personal\pcbnew\files.cpp" line="145" col="33" msg="while substituting deduced template arguments into function template &apos;operator|&apos; [with geometry_type_1 = (anonymous enum at C:\dev\wxWidgets\include\wx/filedlg.h:42:1), geometry_type_2 = (anonymous enum at C:\dev\wxWidgets\include\wx/filedlg.h:42:1)]" />
 <error level="note" id="note_function_template_deduction_instantiation_here" file="C:\dev\kicad-personal\pcbnew\files.cpp" line="145" col="33" msg="while substituting deduced template arguments into function template &apos;operator|&apos; [with geometry_type_1 = (anonymous enum at C:\dev\wxWidgets\include\wx/filedlg.h:42:1), geometry_type_2 = (anonymous enum at C:\dev\wxWidgets\include\wx/filedlg.h:42:1)]" />
 <error level="note" id="note_function_template_deduction_instantiation_here" file="C:\dev\kicad-personal\pcbnew\files.cpp" line="145" col="33" msg="while substituting deduced template arguments into function template &apos;operator|&apos; [with geometry_type_1 = (anonymous enum at C:\dev\wxWidgets\include\wx/filedlg.h:42:1), geometry_type_2 = (anonymous enum at C:\dev\wxWidgets\include\wx/filedlg.h:42:1)]" />
 <error level="warning" id="warn_missing_prototype" file="C:\dev\kicad-personal\pcbnew\files.cpp" line="86" col="6" msg="no previous prototype for function &apos;AskLoadBoardFileName&apos;" />
 <error level="warning" id="warn_missing_prototype" file="C:\dev\kicad-personal\pcbnew\files.cpp" line="171" col="6" msg="no previous prototype for function &apos;AskSaveBoardFileName&apos;" />
 <error level="warning" id="warn_missing_prototype" file="C:\dev\kicad-personal\pcbnew\files.cpp" line="374" col="20" msg="no previous prototype for function &apos;plugin_type&apos;" />
 <error level="warning" id="warn_zero_as_null_pointer_constant" file="C:\dev\kicad-personal\pcbnew\files.cpp" line="494" col="30" msg="zero as null pointer constant" />
 <error level="warning" id="warn_zero_as_null_pointer_constant" file="C:\dev\kicad-personal\pcbnew\files.cpp" line="516" col="51" msg="zero as null pointer constant" />
 <error level="warning" id="warn_zero_as_null_pointer_constant" file="C:\dev\kicad-personal\pcbnew\files.cpp" line="592" col="23" msg="zero as null pointer constant" />
 <error level="warning" id="warn_zero_as_null_pointer_constant" file="C:\dev\kicad-personal\pcbnew\files.cpp" line="648" col="27" msg="zero as null pointer constant" />
 <error level="warning" id="warn_old_style_cast" file="C:\dev\kicad-personal\pcbnew\files.cpp" line="704" col="9" msg="use of old-style cast" />
 <error level="warning" id="warn_zero_as_null_pointer_constant" file="C:\dev\kicad-personal\pcbnew\files.cpp" line="704" col="9" msg="zero as null pointer constant" />
 <error level="warning" id="warn_zero_as_null_pointer_constant" file="C:\dev\kicad-personal\pcbnew\files.cpp" line="706" col="58" msg="zero as null pointer constant" />
 <error level="warning" id="warn_old_style_cast" file="C:\dev\kicad-personal\pcbnew\files.cpp" line="783" col="9" msg="use of old-style cast" />
 <error level="warning" id="warn_zero_as_null_pointer_constant" file="C:\dev\kicad-personal\pcbnew\files.cpp" line="783" col="9" msg="zero as null pointer constant" />
 <error level="warning" id="warn_zero_as_null_pointer_constant" file="C:\dev\kicad-personal\pcbnew\files.cpp" line="785" col="58" msg="zero as null pointer constant" />
 <error level="warning" id="warn_old_style_cast" file="C:\dev\kicad-personal\pcbnew\files.cpp" line="858" col="13" msg="use of old-style cast" />
 <error level="warning" id="warn_cxx98_compat_for_range" file="C:\dev\kicad-personal\pcbnew\files.cpp" line="918" col="33" msg="range-based for loop is incompatible with C++98" />
 <error level="note" id="note_member_synthesized_at" file="C:\dev\kicad-personal\pcbnew\files.cpp" line="920" col="32" msg="in implicit copy constructor for &apos;LIB_ID&apos; first required here" />
 <error level="warning" id="warn_cxx98_compat_auto_type_specifier" file="C:\dev\kicad-personal\pcbnew\files.cpp" line="933" col="24" msg="&apos;auto&apos; type specifier is incompatible with C++98" />
 <error level="warning" id="warn_cxx98_compat_for_range" file="C:\dev\kicad-personal\pcbnew\files.cpp" line="933" col="34" msg="range-based for loop is incompatible with C++98" />
 <error level="warning" id="warn_cxx98_compat_auto_type_specifier" file="C:\dev\kicad-personal\pcbnew\files.cpp" line="953" col="24" msg="&apos;auto&apos; type specifier is incompatible with C++98" />
 <error level="warning" id="warn_cxx98_compat_for_range" file="C:\dev\kicad-personal\pcbnew\files.cpp" line="953" col="34" msg="range-based for loop is incompatible with C++98" />
 <error level="warning" id="warn_cxx98_compat_auto_type_specifier" file="C:\dev\kicad-personal\pcbnew\files.cpp" line="955" col="17" msg="&apos;auto&apos; type specifier is incompatible with C++98" />
 <error level="warning" id="warn_def_missing_case" file="C:\dev\kicad-personal\pcbnew\files.cpp" line="858" col="13" msg="6 enumeration values not explicitly handled in switch: &apos;LEGACY&apos;, &apos;KICAD_SEXP&apos;, &apos;PCAD&apos;..." />
 <error level="warning" id="warn_cxx98_compat_auto_type_specifier" file="C:\dev\kicad-personal\pcbnew\files.cpp" line="989" col="10" msg="&apos;auto&apos; type specifier is incompatible with C++98" />
 <error level="warning" id="warn_cxx98_compat_for_range" file="C:\dev\kicad-personal\pcbnew\files.cpp" line="989" col="20" msg="range-based for loop is incompatible with C++98" />
 <error level="warning" id="warn_cxx98_compat_auto_type_specifier" file="C:\dev\kicad-personal\pcbnew\files.cpp" line="991" col="9" msg="&apos;auto&apos; type specifier is incompatible with C++98" />
 <error level="warning" id="warn_old_style_cast" file="C:\dev\kicad-personal\pcbnew\files.cpp" line="999" col="17" msg="use of old-style cast" />
 <error level="warning" id="warn_zero_as_null_pointer_constant" file="C:\dev\kicad-personal\pcbnew\files.cpp" line="999" col="17" msg="zero as null pointer constant" />
 <error level="warning" id="warn_cxx98_compat_auto_type_specifier" file="C:\dev\kicad-personal\pcbnew\files.cpp" line="1010" col="10" msg="&apos;auto&apos; type specifier is incompatible with C++98" />
 <error level="warning" id="warn_cxx98_compat_for_range" file="C:\dev\kicad-personal\pcbnew\files.cpp" line="1010" col="21" msg="range-based for loop is incompatible with C++98" />
 <error level="warning" id="warn_cxx98_compat_auto_type_specifier" file="C:\dev\kicad-personal\pcbnew\files.cpp" line="1012" col="9" msg="&apos;auto&apos; type specifier is incompatible with C++98" />
 <error level="warning" id="warn_old_style_cast" file="C:\dev\kicad-personal\pcbnew\files.cpp" line="1020" col="17" msg="use of old-style cast" />
 <error level="warning" id="warn_zero_as_null_pointer_constant" file="C:\dev\kicad-personal\pcbnew\files.cpp" line="1020" col="17" msg="zero as null pointer constant" />
 <error level="note" id="note_template_member_function_here" file="C:\dev\kicad-personal\pcbnew\files.cpp" line="216" col="27" msg="in instantiation of member function &apos;std::vector&lt;wxString, std::allocator&lt;wxString&gt; &gt;::vector&apos; requested here" />
 <error level="note" id="note_template_member_function_here" file="C:\dev\kicad-personal\pcbnew\files.cpp" line="508" col="18" msg="in instantiation of member function &apos;std::map&lt;std::basic_string&lt;char, std::char_traits&lt;char&gt;, std::allocator&lt;char&gt; &gt;, UTF8, std::less&lt;std::basic_string&lt;char, std::char_traits&lt;char&gt;, std::allocator&lt;char&gt; &gt; &gt;, std::allocator&lt;std::pair&lt;const std::basic_string&lt;char, std::char_traits&lt;char&gt;, std::allocator&lt;char&gt; &gt;, UTF8&gt; &gt; &gt;::operator[]&apos; requested here" />
 <error level="note" id="note_template_member_function_here" file="C:\dev\kicad-personal\pcbnew\files.cpp" line="508" col="18" msg="in instantiation of member function &apos;std::map&lt;std::basic_string&lt;char, std::char_traits&lt;char&gt;, std::allocator&lt;char&gt; &gt;, UTF8, std::less&lt;std::basic_string&lt;char, std::char_traits&lt;char&gt;, std::allocator&lt;char&gt; &gt; &gt;, std::allocator&lt;std::pair&lt;const std::basic_string&lt;char, std::char_traits&lt;char&gt;, std::allocator&lt;char&gt; &gt;, UTF8&gt; &gt; &gt;::operator[]&apos; requested here" />
 <error level="note" id="note_template_member_function_here" file="C:\dev\kicad-personal\pcbnew\files.cpp" line="508" col="18" msg="in instantiation of member function &apos;std::map&lt;std::basic_string&lt;char, std::char_traits&lt;char&gt;, std::allocator&lt;char&gt; &gt;, UTF8, std::less&lt;std::basic_string&lt;char, std::char_traits&lt;char&gt;, std::allocator&lt;char&gt; &gt; &gt;, std::allocator&lt;std::pair&lt;const std::basic_string&lt;char, std::char_traits&lt;char&gt;, std::allocator&lt;char&gt; &gt;, UTF8&gt; &gt; &gt;::operator[]&apos; requested here" />
 <error level="note" id="note_template_member_function_here" file="C:\dev\kicad-personal\pcbnew\files.cpp" line="931" col="50" msg="in instantiation of member function &apos;std::unordered_map&lt;D_PAD *, wxString, std::hash&lt;D_PAD *&gt;, std::equal_to&lt;D_PAD *&gt;, std::allocator&lt;std::pair&lt;D_PAD *const, wxString&gt; &gt; &gt;::unordered_map&apos; requested here" />
 <error level="note" id="note_template_member_function_here" file="C:\dev\kicad-personal\pcbnew\files.cpp" line="931" col="50" msg="in instantiation of member function &apos;std::unordered_map&lt;D_PAD *, wxString, std::hash&lt;D_PAD *&gt;, std::equal_to&lt;D_PAD *&gt;, std::allocator&lt;std::pair&lt;D_PAD *const, wxString&gt; &gt; &gt;::unordered_map&apos; requested here" />
 <error level="note" id="note_template_member_function_here" file="C:\dev\kicad-personal\pcbnew\files.cpp" line="938" col="27" msg="in instantiation of member function &apos;std::unordered_map&lt;D_PAD *, wxString, std::hash&lt;D_PAD *&gt;, std::equal_to&lt;D_PAD *&gt;, std::allocator&lt;std::pair&lt;D_PAD *const, wxString&gt; &gt; &gt;::operator[]&apos; requested here" />
 <error level="note" id="note_template_member_function_here" file="C:\dev\kicad-personal\pcbnew\files.cpp" line="938" col="27" msg="in instantiation of member function &apos;std::unordered_map&lt;D_PAD *, wxString, std::hash&lt;D_PAD *&gt;, std::equal_to&lt;D_PAD *&gt;, std::allocator&lt;std::pair&lt;D_PAD *const, wxString&gt; &gt; &gt;::operator[]&apos; requested here" />
 <error level="note" id="note_template_member_function_here" file="C:\dev\kicad-personal\pcbnew\files.cpp" line="938" col="27" msg="in instantiation of member function &apos;std::unordered_map&lt;D_PAD *, wxString, std::hash&lt;D_PAD *&gt;, std::equal_to&lt;D_PAD *&gt;, std::allocator&lt;std::pair&lt;D_PAD *const, wxString&gt; &gt; &gt;::operator[]&apos; requested here" />
 <error level="note" id="note_template_member_function_here" file="C:\dev\kicad-personal\pcbnew\files.cpp" line="938" col="27" msg="in instantiation of member function &apos;std::unordered_map&lt;D_PAD *, wxString, std::hash&lt;D_PAD *&gt;, std::equal_to&lt;D_PAD *&gt;, std::allocator&lt;std::pair&lt;D_PAD *const, wxString&gt; &gt; &gt;::operator[]&apos; requested here" />
 <error level="note" id="note_template_member_function_here" file="C:\dev\kicad-personal\pcbnew\files.cpp" line="938" col="27" msg="in instantiation of member function &apos;std::unordered_map&lt;D_PAD *, wxString, std::hash&lt;D_PAD *&gt;, std::equal_to&lt;D_PAD *&gt;, std::allocator&lt;std::pair&lt;D_PAD *const, wxString&gt; &gt; &gt;::operator[]&apos; requested here" />
 <error level="note" id="note_template_member_function_here" file="C:\dev\kicad-personal\pcbnew\files.cpp" line="950" col="52" msg="in instantiation of member function &apos;std::unordered_map&lt;wxString, wxString, std::hash&lt;wxString&gt;, std::equal_to&lt;wxString&gt;, std::allocator&lt;std::pair&lt;const wxString, wxString&gt; &gt; &gt;::unordered_map&apos; requested here" />
 <error level="note" id="note_template_member_function_here" file="C:\dev\kicad-personal\pcbnew\files.cpp" line="950" col="52" msg="in instantiation of member function &apos;std::unordered_map&lt;wxString, wxString, std::hash&lt;wxString&gt;, std::equal_to&lt;wxString&gt;, std::allocator&lt;std::pair&lt;const wxString, wxString&gt; &gt; &gt;::unordered_map&apos; requested here" />
 <error level="note" id="note_template_member_function_here" file="C:\dev\kicad-personal\pcbnew\files.cpp" line="964" col="29" msg="in instantiation of member function &apos;std::unordered_map&lt;wxString, wxString, std::hash&lt;wxString&gt;, std::equal_to&lt;wxString&gt;, std::allocator&lt;std::pair&lt;const wxString, wxString&gt; &gt; &gt;::operator[]&apos; requested here" />
 <error level="note" id="note_template_member_function_here" file="C:\dev\kicad-personal\pcbnew\files.cpp" line="964" col="29" msg="in instantiation of member function &apos;std::unordered_map&lt;wxString, wxString, std::hash&lt;wxString&gt;, std::equal_to&lt;wxString&gt;, std::allocator&lt;std::pair&lt;const wxString, wxString&gt; &gt; &gt;::operator[]&apos; requested here" />
 <error level="note" id="note_template_member_function_here" file="C:\dev\kicad-personal\pcbnew\files.cpp" line="964" col="29" msg="in instantiation of member function &apos;std::unordered_map&lt;wxString, wxString, std::hash&lt;wxString&gt;, std::equal_to&lt;wxString&gt;, std::allocator&lt;std::pair&lt;const wxString, wxString&gt; &gt; &gt;::operator[]&apos; requested here" />
 <error level="note" id="note_template_member_function_here" file="C:\dev\kicad-personal\pcbnew\files.cpp" line="964" col="29" msg="in instantiation of member function &apos;std::unordered_map&lt;wxString, wxString, std::hash&lt;wxString&gt;, std::equal_to&lt;wxString&gt;, std::allocator&lt;std::pair&lt;const wxString, wxString&gt; &gt; &gt;::operator[]&apos; requested here" />
 <error level="note" id="note_template_member_function_here" file="C:\dev\kicad-personal\pcbnew\files.cpp" line="964" col="29" msg="in instantiation of member function &apos;std::unordered_map&lt;wxString, wxString, std::hash&lt;wxString&gt;, std::equal_to&lt;wxString&gt;, std::allocator&lt;std::pair&lt;const wxString, wxString&gt; &gt; &gt;::operator[]&apos; requested here" />
</log>