<log>
 <error level="warning" id="warn_doc_param_not_found" file="C:\dev\kicad-personal\include\math/vector2d.h" line="158" col="15" msg="parameter &apos;aNewLength:&apos; not found in the function declaration" />
 <error level="warning" id="warn_doc_param_not_found" file="C:\dev\kicad-personal\include\math/box2.h" line="457" col="15" msg="parameter &apos;aBox:&apos; not found in the function declaration" />
 <error level="warning" id="warn_doc_param_not_found" file="C:\dev\kicad-personal\include\math/box2.h" line="492" col="15" msg="parameter &apos;aBox:&apos; not found in the function declaration" />
 <error level="warning" id="warn_doc_param_not_found" file="C:\dev\kicad-personal\include\view/view_item.h" line="125" col="15" msg="parameter &apos;aLayers[]:&apos; not found in the function declaration" />
 <error level="warning" id="warn_doc_param_not_found" file="C:\dev\kicad-personal\include\view/view_item.h" line="126" col="15" msg="parameter &apos;aCount:&apos; not found in the function declaration" />
 <error level="warning" id="warn_doc_param_not_found" file="C:\dev\kicad-personal\include\view/view_item.h" line="113" col="15" msg="parameter &apos;aLayer:&apos; not found in the function declaration" />
 <error level="warning" id="warn_doc_param_not_found" file="C:\dev\kicad-personal\include\view/view_item.h" line="114" col="15" msg="parameter &apos;aView:&apos; not found in the function declaration" />
 <error level="warning" id="warn_doc_param_not_found" file="C:\dev\kicad-personal\include\view/view_item.h" line="135" col="15" msg="parameter &apos;aLayer:&apos; not found in the function declaration" />
 <error level="warning" id="warn_doc_param_not_found" file="C:\dev\kicad-personal\include\view/view_item.h" line="136" col="15" msg="parameter &apos;aView:&apos; not found in the function declaration" />
 <error level="warning" id="warn_doc_param_not_found" file="C:\dev\kicad-personal\include\eda_text.h" line="257" col="15" msg="parameter &apos;aPoint-&apos; not found in the function declaration" />
 <error level="warning" id="warn_doc_param_not_found" file="C:\dev\kicad-personal\include\gal/graphics_abstraction_layer.h" line="213" col="15" msg="parameter &apos;aColor&apos; not found in the function declaration" />
 <error level="warning" id="warn_doc_param_not_found" file="C:\dev\vcpkg\installed\x64-windows\include\glm/gtc/matrix_transform.hpp" line="282" col="13" msg="parameter &apos;near&apos; not found in the function declaration" />
 <error level="warning" id="warn_doc_param_not_found" file="C:\dev\vcpkg\installed\x64-windows\include\glm/gtc/matrix_transform.hpp" line="283" col="13" msg="parameter &apos;far&apos; not found in the function declaration" />
 <error level="warning" id="warn_doc_param_not_found" file="C:\dev\vcpkg\installed\x64-windows\include\glm/gtc/matrix_transform.hpp" line="295" col="13" msg="parameter &apos;near&apos; not found in the function declaration" />
 <error level="warning" id="warn_doc_param_not_found" file="C:\dev\vcpkg\installed\x64-windows\include\glm/gtc/matrix_transform.hpp" line="296" col="13" msg="parameter &apos;far&apos; not found in the function declaration" />
 <error level="warning" id="warn_doc_param_not_found" file="C:\dev\vcpkg\installed\x64-windows\include\glm/gtc/matrix_transform.hpp" line="308" col="13" msg="parameter &apos;near&apos; not found in the function declaration" />
 <error level="warning" id="warn_doc_param_not_found" file="C:\dev\vcpkg\installed\x64-windows\include\glm/gtc/matrix_transform.hpp" line="309" col="13" msg="parameter &apos;far&apos; not found in the function declaration" />
 <error level="warning" id="warn_doc_param_not_found" file="C:\dev\vcpkg\installed\x64-windows\include\glm/gtc/matrix_transform.hpp" line="321" col="13" msg="parameter &apos;near&apos; not found in the function declaration" />
 <error level="warning" id="warn_doc_param_not_found" file="C:\dev\vcpkg\installed\x64-windows\include\glm/gtc/matrix_transform.hpp" line="322" col="13" msg="parameter &apos;far&apos; not found in the function declaration" />
 <error level="warning" id="warn_doc_param_not_found" file="C:\dev\vcpkg\installed\x64-windows\include\glm/gtc/matrix_transform.hpp" line="334" col="13" msg="parameter &apos;near&apos; not found in the function declaration" />
 <error level="warning" id="warn_doc_param_not_found" file="C:\dev\vcpkg\installed\x64-windows\include\glm/gtc/matrix_transform.hpp" line="335" col="13" msg="parameter &apos;far&apos; not found in the function declaration" />
 <error level="warning" id="warn_doc_param_not_found" file="C:\dev\vcpkg\installed\x64-windows\include\glm/gtc/matrix_transform.hpp" line="347" col="13" msg="parameter &apos;near&apos; not found in the function declaration" />
 <error level="warning" id="warn_doc_param_not_found" file="C:\dev\vcpkg\installed\x64-windows\include\glm/gtc/matrix_transform.hpp" line="348" col="13" msg="parameter &apos;far&apos; not found in the function declaration" />
 <error level="warning" id="warn_doc_param_not_found" file="C:\dev\vcpkg\installed\x64-windows\include\glm/gtc/matrix_transform.hpp" line="361" col="13" msg="parameter &apos;near&apos; not found in the function declaration" />
 <error level="warning" id="warn_doc_param_not_found" file="C:\dev\vcpkg\installed\x64-windows\include\glm/gtc/matrix_transform.hpp" line="362" col="13" msg="parameter &apos;far&apos; not found in the function declaration" />
 <error level="warning" id="warn_doc_param_not_found" file="C:\dev\vcpkg\installed\x64-windows\include\glm/gtc/matrix_transform.hpp" line="375" col="13" msg="parameter &apos;near&apos; not found in the function declaration" />
 <error level="warning" id="warn_doc_param_not_found" file="C:\dev\vcpkg\installed\x64-windows\include\glm/gtc/matrix_transform.hpp" line="376" col="13" msg="parameter &apos;far&apos; not found in the function declaration" />
 <error level="warning" id="warn_doc_param_not_found" file="C:\dev\vcpkg\installed\x64-windows\include\glm/gtc/matrix_transform.hpp" line="388" col="13" msg="parameter &apos;near&apos; not found in the function declaration" />
 <error level="warning" id="warn_doc_param_not_found" file="C:\dev\vcpkg\installed\x64-windows\include\glm/gtc/matrix_transform.hpp" line="389" col="13" msg="parameter &apos;far&apos; not found in the function declaration" />
 <error level="warning" id="warn_doc_param_not_found" file="C:\dev\vcpkg\installed\x64-windows\include\glm/gtc/matrix_transform.hpp" line="403" col="13" msg="parameter &apos;near&apos; not found in the function declaration" />
 <error level="warning" id="warn_doc_param_not_found" file="C:\dev\vcpkg\installed\x64-windows\include\glm/gtc/matrix_transform.hpp" line="404" col="13" msg="parameter &apos;far&apos; not found in the function declaration" />
 <error level="warning" id="warn_doc_param_not_found" file="C:\dev\vcpkg\installed\x64-windows\include\glm/gtc/matrix_transform.hpp" line="417" col="13" msg="parameter &apos;near&apos; not found in the function declaration" />
 <error level="warning" id="warn_doc_param_not_found" file="C:\dev\vcpkg\installed\x64-windows\include\glm/gtc/matrix_transform.hpp" line="418" col="13" msg="parameter &apos;far&apos; not found in the function declaration" />
 <error level="warning" id="warn_doc_param_not_found" file="C:\dev\vcpkg\installed\x64-windows\include\glm/gtc/matrix_transform.hpp" line="431" col="13" msg="parameter &apos;near&apos; not found in the function declaration" />
 <error level="warning" id="warn_doc_param_not_found" file="C:\dev\vcpkg\installed\x64-windows\include\glm/gtc/matrix_transform.hpp" line="432" col="13" msg="parameter &apos;far&apos; not found in the function declaration" />
 <error level="warning" id="warn_doc_param_not_found" file="C:\dev\vcpkg\installed\x64-windows\include\glm/gtc/matrix_transform.hpp" line="445" col="13" msg="parameter &apos;near&apos; not found in the function declaration" />
 <error level="warning" id="warn_doc_param_not_found" file="C:\dev\vcpkg\installed\x64-windows\include\glm/gtc/matrix_transform.hpp" line="446" col="13" msg="parameter &apos;far&apos; not found in the function declaration" />
 <error level="warning" id="warn_doc_param_not_found" file="C:\dev\vcpkg\installed\x64-windows\include\glm/gtc/matrix_transform.hpp" line="459" col="13" msg="parameter &apos;near&apos; not found in the function declaration" />
 <error level="warning" id="warn_doc_param_not_found" file="C:\dev\vcpkg\installed\x64-windows\include\glm/gtc/matrix_transform.hpp" line="460" col="13" msg="parameter &apos;far&apos; not found in the function declaration" />
 <error level="warning" id="warn_doc_param_not_found" file="C:\dev\vcpkg\installed\x64-windows\include\glm/gtc/matrix_transform.hpp" line="473" col="13" msg="parameter &apos;near&apos; not found in the function declaration" />
 <error level="warning" id="warn_doc_param_not_found" file="C:\dev\vcpkg\installed\x64-windows\include\glm/gtc/matrix_transform.hpp" line="474" col="13" msg="parameter &apos;far&apos; not found in the function declaration" />
 <error level="warning" id="warn_doc_param_not_found" file="C:\dev\vcpkg\installed\x64-windows\include\glm/gtc/matrix_transform.hpp" line="488" col="13" msg="parameter &apos;near&apos; not found in the function declaration" />
 <error level="warning" id="warn_doc_param_not_found" file="C:\dev\vcpkg\installed\x64-windows\include\glm/gtc/matrix_transform.hpp" line="489" col="13" msg="parameter &apos;far&apos; not found in the function declaration" />
 <error level="warning" id="warn_doc_param_not_found" file="C:\dev\vcpkg\installed\x64-windows\include\glm/gtc/matrix_transform.hpp" line="503" col="13" msg="parameter &apos;near&apos; not found in the function declaration" />
 <error level="warning" id="warn_doc_param_not_found" file="C:\dev\vcpkg\installed\x64-windows\include\glm/gtc/matrix_transform.hpp" line="504" col="13" msg="parameter &apos;far&apos; not found in the function declaration" />
 <error level="warning" id="warn_doc_param_not_found" file="C:\dev\vcpkg\installed\x64-windows\include\glm/gtc/matrix_transform.hpp" line="517" col="13" msg="parameter &apos;near&apos; not found in the function declaration" />
 <error level="warning" id="warn_doc_param_not_found" file="C:\dev\vcpkg\installed\x64-windows\include\glm/gtc/matrix_transform.hpp" line="518" col="13" msg="parameter &apos;far&apos; not found in the function declaration" />
 <error level="warning" id="warn_doc_param_not_found" file="C:\dev\vcpkg\installed\x64-windows\include\glm/gtc/matrix_transform.hpp" line="529" col="13" msg="parameter &apos;near&apos; not found in the function declaration" />
 <error level="warning" id="warn_doc_param_not_found" file="C:\dev\vcpkg\installed\x64-windows\include\glm/gtc/matrix_transform.hpp" line="540" col="13" msg="parameter &apos;near&apos; not found in the function declaration" />
 <error level="warning" id="warn_doc_param_not_found" file="C:\dev\vcpkg\installed\x64-windows\include\glm/gtc/matrix_transform.hpp" line="551" col="13" msg="parameter &apos;near&apos; not found in the function declaration" />
 <error level="warning" id="warn_doc_param_not_found" file="C:\dev\vcpkg\installed\x64-windows\include\glm/gtc/matrix_transform.hpp" line="562" col="13" msg="parameter &apos;near&apos; not found in the function declaration" />
 <error level="warning" id="warn_doc_param_not_found" file="C:\dev\vcpkg\installed\x64-windows\include\glm/gtc/matrix_transform.hpp" line="573" col="13" msg="parameter &apos;near&apos; not found in the function declaration" />
 <error level="warning" id="warn_cxx98_compat_raw_string_literal" file="C:\dev\kicad-personal\utils\kicad-ogltest\kicad-ogltest.cpp" line="40" col="33" msg="raw string literals are incompatible with C++98" />
 <error level="warning" id="warn_exit_time_destructor" file="C:\dev\kicad-personal\utils\kicad-ogltest\kicad-ogltest.cpp" line="40" col="16" msg="declaration requires an exit-time destructor" />
 <error level="warning" id="warn_global_destructor" file="C:\dev\kicad-personal\utils\kicad-ogltest\kicad-ogltest.cpp" line="40" col="16" msg="declaration requires a global destructor" />
 <error level="warning" id="warn_cxx98_compat_override_control_keyword" file="C:\dev\kicad-personal\utils\kicad-ogltest\kicad-ogltest.cpp" line="53" col="27" msg="&apos;override&apos; keyword is incompatible with C++98" />
 <error level="warning" id="warn_zero_as_null_pointer_constant" file="C:\dev\kicad-personal\utils\kicad-ogltest\kicad-ogltest.cpp" line="56" col="1" msg="zero as null pointer constant" />
 <error level="warning" id="warn_missing_prototype" file="C:\dev\kicad-personal\utils\kicad-ogltest\kicad-ogltest.cpp" line="56" col="1" msg="no previous prototype for function &apos;wxGetApp&apos;" />
 <error level="warning" id="warn_old_style_cast" file="C:\dev\kicad-personal\utils\kicad-ogltest\kicad-ogltest.cpp" line="56" col="1" msg="use of old-style cast" />
 <error level="warning" id="warn_global_constructor" file="C:\dev\kicad-personal\utils\kicad-ogltest\kicad-ogltest.cpp" line="56" col="1" msg="declaration requires a global constructor" />
 <error level="warning" id="warn_cxx98_compat_nullptr" file="C:\dev\kicad-personal\utils\kicad-ogltest\kicad-ogltest.cpp" line="68" col="45" msg="&apos;nullptr&apos; is incompatible with C++98" />
 <error level="warning" id="warn_cxx98_compat_auto_type_specifier" file="C:\dev\kicad-personal\utils\kicad-ogltest\kicad-ogltest.cpp" line="84" col="5" msg="&apos;auto&apos; type specifier is incompatible with C++98" />
 <error level="warning" id="warn_cxx98_compat_nullptr" file="C:\dev\kicad-personal\utils\kicad-ogltest\kicad-ogltest.cpp" line="84" col="31" msg="&apos;nullptr&apos; is incompatible with C++98" />
 <error level="warning" id="warn_cxx98_compat_auto_type_specifier" file="C:\dev\kicad-personal\utils\kicad-ogltest\kicad-ogltest.cpp" line="89" col="5" msg="&apos;auto&apos; type specifier is incompatible with C++98" />
 <error level="warning" id="warn_cxx98_compat_auto_type_specifier" file="C:\dev\kicad-personal\utils\kicad-ogltest\kicad-ogltest.cpp" line="90" col="5" msg="&apos;auto&apos; type specifier is incompatible with C++98" />
 <error level="warning" id="warn_cxx98_compat_auto_type_specifier" file="C:\dev\kicad-personal\utils\kicad-ogltest\kicad-ogltest.cpp" line="95" col="5" msg="&apos;auto&apos; type specifier is incompatible with C++98" />
 <error level="warning" id="warn_old_style_cast" file="C:\dev\kicad-personal\utils\kicad-ogltest\kicad-ogltest.cpp" line="100" col="22" msg="use of old-style cast" />
 <error level="warning" id="warn_cast_qual" file="C:\dev\kicad-personal\utils\kicad-ogltest\kicad-ogltest.cpp" line="100" col="30" msg="cast from &apos;const unsigned char *&apos; to &apos;char *&apos; drops const qualifier" />
</log>