<log>
 <error level="warning" id="warn_doc_param_not_found" file="C:\dev\vcpkg\installed\x64-windows\include\boost/test/tree/observer.hpp" line="45" col="20" msg="parameter &apos;number_of_test_cases&apos; not found in the function declaration" />
 <error level="warning" id="warn_doc_param_not_found" file="C:\dev\vcpkg\installed\x64-windows\include\boost/test/tree/observer.hpp" line="65" col="20" msg="parameter &apos;test_unit&apos; not found in the function declaration" />
 <error level="warning" id="warn_doc_param_not_found" file="C:\dev\vcpkg\installed\x64-windows\include\boost/test/tree/observer.hpp" line="70" col="16" msg="parameter &apos;elapsed&apos; not found in the function declaration" />
</log>