<log>
 <error level="warning" id="warn_doc_param_not_found" file="C:\dev\vcpkg\installed\x64-windows\include\boost/test/tree/observer.hpp" line="45" col="20" msg="parameter &apos;number_of_test_cases&apos; not found in the function declaration" />
 <error level="warning" id="warn_doc_param_not_found" file="C:\dev\vcpkg\installed\x64-windows\include\boost/test/tree/observer.hpp" line="65" col="20" msg="parameter &apos;test_unit&apos; not found in the function declaration" />
 <error level="warning" id="warn_doc_param_not_found" file="C:\dev\vcpkg\installed\x64-windows\include\boost/test/tree/observer.hpp" line="70" col="16" msg="parameter &apos;elapsed&apos; not found in the function declaration" />
 <error level="warning" id="warn_cxx98_compat_empty_fnmacro_arg" file="C:\dev\kicad-personal\eeschema\qa\test_basic.cpp" line="35" col="1" msg="empty macro arguments are incompatible with C++98" />
 <error level="warning" id="pp_disabled_macro_expansion" file="C:\dev\kicad-personal\eeschema\qa\test_basic.cpp" line="35" col="1" msg="disabled expansion of recursive macro" />
 <error level="warning" id="pp_disabled_macro_expansion" file="C:\dev\kicad-personal\eeschema\qa\test_basic.cpp" line="35" col="1" msg="disabled expansion of recursive macro" />
 <error level="warning" id="pp_disabled_macro_expansion" file="C:\dev\kicad-personal\eeschema\qa\test_basic.cpp" line="35" col="1" msg="disabled expansion of recursive macro" />
 <error level="warning" id="pp_disabled_macro_expansion" file="C:\dev\kicad-personal\eeschema\qa\test_basic.cpp" line="35" col="1" msg="disabled expansion of recursive macro" />
 <error level="warning" id="warn_global_constructor" file="C:\dev\kicad-personal\eeschema\qa\test_basic.cpp" line="35" col="1" msg="declaration requires a global constructor" />
 <error level="warning" id="warn_zero_as_null_pointer_constant" file="C:\dev\kicad-personal\eeschema\qa\test_basic.cpp" line="37" col="5" msg="zero as null pointer constant" />
 <error level="warning" id="warn_cxx98_compat_empty_fnmacro_arg" file="C:\dev\kicad-personal\eeschema\qa\test_basic.cpp" line="43" col="1" msg="empty macro arguments are incompatible with C++98" />
 <error level="warning" id="pp_disabled_macro_expansion" file="C:\dev\kicad-personal\eeschema\qa\test_basic.cpp" line="43" col="1" msg="disabled expansion of recursive macro" />
 <error level="warning" id="pp_disabled_macro_expansion" file="C:\dev\kicad-personal\eeschema\qa\test_basic.cpp" line="43" col="1" msg="disabled expansion of recursive macro" />
 <error level="warning" id="pp_disabled_macro_expansion" file="C:\dev\kicad-personal\eeschema\qa\test_basic.cpp" line="43" col="1" msg="disabled expansion of recursive macro" />
 <error level="warning" id="pp_disabled_macro_expansion" file="C:\dev\kicad-personal\eeschema\qa\test_basic.cpp" line="43" col="1" msg="disabled expansion of recursive macro" />
 <error level="warning" id="warn_global_constructor" file="C:\dev\kicad-personal\eeschema\qa\test_basic.cpp" line="43" col="1" msg="declaration requires a global constructor" />
 <error level="warning" id="warn_zero_as_null_pointer_constant" file="C:\dev\kicad-personal\eeschema\qa\test_basic.cpp" line="48" col="14" msg="zero as null pointer constant" />
 <error level="note" id="note_function_template_spec_here" file="C:\dev\kicad-personal\eeschema\qa\test_basic.cpp" line="35" col="1" msg="in instantiation of function template specialization &apos;boost::function&lt;void ()&gt;::function&lt;void (*)()&gt;&apos; requested here" />
 <error level="note" id="note_function_template_spec_here" file="C:\dev\kicad-personal\eeschema\qa\test_basic.cpp" line="35" col="1" msg="in instantiation of function template specialization &apos;boost::function&lt;void ()&gt;::function&lt;void (*)()&gt;&apos; requested here" />
 <error level="note" id="note_template_member_function_here" file="C:\dev\kicad-personal\eeschema\qa\test_basic.cpp" line="35" col="1" msg="in instantiation of member function &apos;boost::unit_test::basic_cstring&lt;const char&gt;::basic_cstring&apos; requested here" />
 <error level="note" id="note_template_member_function_here" file="C:\dev\kicad-personal\eeschema\qa\test_basic.cpp" line="35" col="1" msg="in instantiation of member function &apos;boost::unit_test::singleton&lt;boost::unit_test::decorator::collector&gt;::instance&apos; requested here" />
 <error level="note" id="note_template_member_function_here" file="C:\dev\kicad-personal\eeschema\qa\test_basic.cpp" line="37" col="5" msg="in instantiation of member function &apos;boost::unit_test::lazy_ostream_impl&lt;boost::unit_test::lazy_ostream, boost::unit_test::basic_cstring&lt;const char&gt;, const boost::unit_test::basic_cstring&lt;const char&gt; &amp;&gt;::operator()&apos; requested here" />
</log>